9 8489 5480 1811 1080 2188 4859 2491 3652 587
11 6139 7804 9170 4719 8604 7780 8756 140 8321 8216 9311
10 4873 5517 9251 2772 5759 416 8409 9921 8371 9811
11 2603 6004 6012 1963 1324 2128 7727 4718 5061 4368 7025
17 9166 2711 6718 2916 475 5238 1476 1466 3767 4000 2739 7030 4022 9338 3422 4779 3380
14 6502 7779 614 3438 8436 160 6918 5418 8781 2136 3950 9296 9977 8375
17 3527 3334 8766 6825 40 6808 1431 1624 242 701 1654 2155 6049 5264 6285 2253 7943
20 8783 7792 284 2235 6985 8151 2388 1896 9074 3007 1420 8935 5350 1171 8234 5893 8230 4968 9259 2273
18 1414 3601 1206 8188 5567 3750 4840 8270 4963 3296 4514 7126 236 68 6872 756 4883 325
8 6654 1363 98 4205 907 4213 9377 1642
22 19 8792 933 354 9858 5792 5725 7566 9758 6396 8068 4681 309 2708 3662 9041 8180 2067 1848 2219 2821 4185
17 9046 8274 5892 6173 8300 5770 6800 5670 592 9704 5271 7917 7961 4500 5703 648 0
17 8029 3821 7323 2077 7364 3867 7749 2535 7552 9870 2582 4501 418 2131 4556 7008 4641
10 7810 1030 1986 5917 6967 6283 7143 2156 6591 4049
19 3245 2523 2881 4493 4195 7562 1504 9143 6806 9490 8933 7265 7930 9455 460 7539 1594 7951 3107
17 3546 1697 4107 9819 708 4819 7806 8460 7403 1572 6282 7023 6899 9243 3275 3612 3656
20 4877 6164 199 381 9923 97 5033 1639 9983 5379 6281 116 2371 9204 5546 5961 9145 5130 3335 4592
21 7186 5500 2305 3542 3636 2665 1168 883 8743 3039 6578 2851 3674 2524 7480 1895 3033 4484 3978 4305 4057
18 3655 4255 8682 8298 5995 163 2086 2713 5911 4903 42 5448 1919 7029 5461 4315 6569 557
9 8227 9653 6388 7242 1549 3872 3128 5896 9374
16 7140 2335 135 6764 4652 2076 867 408 8725 5597 139 1321 6936 8825 3931 8939
7 3708 8995 6374 659 7122 9168 8463
23 3049 8203 7572 1873 8110 1738 9516 2246 538 2994 1072 1824 2911 5863 4738 6328 8570 5800 9443 6011 8891 6993 5944
22 9820 5466 6409 2000 2209 3429 8659 3474 3501 357 2437 6397 9597 5741 7852 6759 7241 6828 7617 901 7565 6494
11 6794 9469 1580 4704 8719 9040 764 8707 9555 2940 1300
15 8965 1591 8755 4351 7137 5524 6347 331 3318 4783 6428 4416 1698 7057 6919
10 7711 8573 35 6580 9232 4871 6238 7530 729 6595
16 7455 4233 2518 2927 4930 353 1709 2229 2765 3982 9372 3048 8658 3274 5817 8582
8 1883 661 718 8747 6078 3770 7274 1159
16 6529 4575 1276 3114 8742 9655 636 8097 736 4730 5175 4571 5463 923 2211 9970
21 9733 1530 6245 330 8094 7812 9859 2804 8926 5042 4440 1468 4810 3385 628 2120 9794 4760 5248 7303 263
13 2296 2422 4048 9897 2645 9231 3374 983 7736 9197 5544 1452 3611
20 1194 245 9926 507 8761 7081 1532 1292 3031 5556 771 8920 815 6577 5177 1928 2349 1129 455 3857
19 3333 1421 2338 6270 120 7769 7392 4043 1786 6286 2030 1678 4240 3407 9069 2625 7869 7035 8612
19 1447 6206 4404 7847 4664 5160 2174 9328 6140 6452 6785 8513 3437 7976 798 3728 7803 6685 3928
21 6662 1121 9549 4481 4744 7573 3498 2417 3776 4547 8729 6906 7752 451 7244 9745 9257 3745 1731 7228 9990
22 5971 6159 5285 9620 8546 2360 9611 1598 7142 4330 3241 6733 4464 9218 80 1092 6690 9404 3189 1225 4735 2322
15 2324 3773 6749 9190 9273 7907 6161 2104 8705 2344 1976 5979 8333 5011 4778
22 7293 3849 3411 8653 141 178 2558 52 3799 3757 1320 9739 9957 6510 2616 7378 4427 3882 6046 8507 9775 4962
19 1227 8715 5757 9104 9018 1331 7216 2395 7197 1429 7167 4539 5715 3141 453 3455 8738 6224 641
4 6656 5721 4520 6960
22 4536 2915 8554 7883 1733 7043 6587 9612 9482 4343 2137 5023 9366 619 6431 7447 3412 9883 706 7540 1408 2073
20 3697 1100 7086 3116 3839 9222 9248 9441 8064 2218 1034 4152 5980 2331 9332 2488 4180 1658 9749 7223
17 8787 9401 3490 9042 4605 454 3874 9006 2580 2087 1806 2895 6949 3889 5960 6317 6322
16 6912 1117 1791 2281 8646 7007 361 7725 5993 721 3206 3423 3698 9642 1570 8674
15 8213 5746 9805 5816 146 5557 9028 2898 5329 5278 3115 1283 3351 2294 6090
11 7064 6239 3614 5754 1890 3806 548 229 7606 56 5854
20 4475 5369 1326 3502 9165 5045 4857 9298 8627 7262 9460 6530 1446 9588 7518 4864 1149 4813 762 6853
20 1332 3891 4299 2382 4645 4130 7301 6297 3079 5532 8958 6928 7345 5 5912 1185 1279 5044 5047 5501
20 7188 4223 212 1102 2386 3981 3621 3752 3714 889 3962 4578 1463 3004 8215 2475 4721 6448 2683 9614
11 7709 873 594 2336 6464 2666 9715 2223 966 4570 8374
21 5027 3170 1267 6425 5656 6251 7466 2921 387 2479 3339 9941 7521 973 5607 3771 2795 7826 2594 5647 3514
17 6843 9087 41 1252 1365 4384 979 890 7967 3547 613 4936 750 4504 8866 6112 7011
17 6269 1251 5829 2470 81 8159 8547 151 1075 1670 2499 2317 603 4298 2564 9454 5714
17 394 9191 8915 3842 2059 7941 8780 6769 1842 78 2365 4166 5492 4577 73 4242 2238
8 7849 6377 5589 6432 165 4676 4530 2200
12 1794 1778 7326 5475 4517 8006 8900 573 1849 2361 831 2597
21 2828 8629 3557 7386 9195 1644 584 4219 4407 9331 5019 6675 8972 3517 6632 1270 6499 3273 5224 5825 1003
20 8189 2143 4246 846 4585 7479 2527 7805 9264 987 8289 4075 1832 3551 2834 7974 5645 205 2481 3367
13 8086 7585 1550 2787 8937 5695 7933 9639 5094 5139 9863 9181 7760
22 5881 8426 5017 4137 1913 7636 1985 4236 4406 3356 7018 8197 4619 4122 4118 3456 885 7261 1903 2252 6955 910
9 3410 2293 1908 3936 7264 8608 2165 3369 3741
24 2531 9691 6255 2639 671 2857 2477 8296 3854 4690 3948 4106 6629 2854 9239 363 7517 571 6852 1127 2689 944 3238 4865
12 4056 166 1054 9735 6407 4227 6367 3782 1012 3293 1956 3097
20 6044 5698 8157 3966 572 1537 5514 4856 2 9534 7743 6142 3214 2097 4923 5275 6022 7696 4728 5446
20 6767 2520 3830 9511 5433 115 8500 5211 7620 8307 6436 3045 4265 6483 525 9762 6687 4465 2836 8690
7 6780 1852 3866 2573 7509 8089 4140
22 8698 5060 8309 2216 6526 7239 7513 2034 7755 924 6861 5734 6469 253 8201 2701 1936 7300 5935 5926 5536 4987
15 9698 8073 3058 2352 7663 1143 1748 9110 3300 3283 7541 4573 4972 176 432
15 6418 7346 2438 8974 1277 7646 5966 6628 2257 1971 925 7144 860 1356 2794
18 8587 5856 3066 5593 9100 2906 9980 536 1656 8004 3142 4468 3198 9509 3837 7950 6093 8480
20 7088 4196 57 3663 1553 7498 6905 7389 2694 8673 1136 6174 7371 9245 1704 9088 2249 6107 1633 795
13 554 1973 3775 9963 1048 285 7972 1155 3558 9931 6616 3762 3838
9 3667 4352 4613 7284 5820 1085 8684 4054 4568
22 5343 2742 3108 3740 9159 8486 2648 5630 7231 7935 8492 8299 6948 7820 941 9699 8839 6354 3600 3914 9747 6917
20 6900 6735 409 1628 9135 8523 8220 8895 7205 8291 6846 3331 3844 9342 2195 9206 7676 8384 4393 2130
24 5402 892 8338 6186 6392 8854 9647 9812 2989 2373 4272 5640 9091 8495 2242 6055 8966 3956 3301 7625 3280 9568 1120 535
21 1724 2784 7373 6705 2732 1098 8266 3210 2037 714 5233 1538 3935 6351 5549 9217 1374 1419 5311 5798 2276
21 2313 4648 4826 8194 9392 9912 3997 4074 4964 859 8569 9293 335 3670 8305 8634 2929 307 7087 2554 3500
10 3168 8979 1804 6984 6313 8272 1008 6443 4701 6527
11 6607 3424 5562 2119 2095 1197 4449 235 6423 2364 5478
13 6913 3368 1460 6652 9276 374 459 9566 2206 8793 8126 1770 5513
14 113 9851 7255 4957 5263 1256 8827 9077 9229 5133 6609 7790 9661 7362
12 7716 8242 2719 288 3582 1056 5726 3243 7954 9676 4203 1602
12 8564 4467 4988 171 8841 2004 6827 1615 5842 2046 5404 1961
12 3647 5191 9480 7340 5568 3926 336 3179 2318 131 7215 3279
10 3321 3689 5694 9021 2514 5946 3932 3644 3987 4695
14 6361 6851 1518 8192 412 9848 5851 7121 7089 9279 4401 7268 1288 9025
17 2944 3461 7000 4940 4063 5764 1924 6678 8400 8997 9212 3448 7291 4612 7980 4181 6258
24 9670 4455 9628 956 8079 3047 9761 3165 4584 8494 6211 6974 6712 9697 7063 2215 8050 3059 7771 9005 562 3819 807 7133
17 8271 3104 2717 3721 1721 6056 1810 3295 4012 6542 3406 7886 9708 8704 5873 4321 6212
6 5222 3202 5190 4284 421 3688
15 1815 5332 7203 3685 3673 8819 9542 964 1533 5936 3109 2001 4412 4841 2172
12 2176 5102 3856 7832 6667 2872 7607 5560 7959 4189 6434 3562
22 219 3160 248 4666 3038 8176 1415 1643 9438 2248 2931 2861 684 1606 8907 5542 8474 4737 8837 2098 6717 4348
18 6694 9306 4815 5158 9033 4371 847 2125 4647 9363 6091 604 2050 9468 3175 204 3180 7586
9 7227 5728 262 4671 6992 1506 7054 6349 4683
21 4098 328 5541 8796 9751 8597 4274 3211 4085 5411 8031 5733 7797 3481 7925 5355 1268 5762 9601 5551 8019
12 2327 499 1702 3841 8473 2158 9076 5745 9808 9154 1118 2457
17 4644 379 9844 7940 1499 333 3511 3013 7721 8905 1361 4640 3302 8908 3633 5596 1652
7 4586 9459 5505 4931 7681 8724 2289
21 8509 9595 4980 7312 3420 4615 3451 74 1338 4921 9333 4985 9185 5217 5905 9959 7997 5613 9648 9764 5538
15 9187 6877 9869 266 9171 8030 9964 3909 5610 2808 5651 8415 2445 2629 3965
20 9626 1090 9030 6523 2653 2667 8214 8446 484 11 7781 4032 7505 4419 7969 2342 995 5599 9876 5666
11 9291 5112 5771 3717 3615 1245 9475 990 872 7600 4996
8 2418 2237 4946 8417 8322 8934 4759 9834
21 9020 842 5214 9804 1693 8695 6081 4397 2874 9299 6240 6486 4919 4382 4597 2186 2894 2953 446 9771 251
21 2774 7357 4673 3666 9341 9972 2753 7604 7830 4248 6292 134 6556 5575 2354 7855 5149 291 7845 8455 7522
19 2278 3384 1655 1175 2207 4888 3974 4824 3593 2341 4950 3195 1906 9807 5643 9414 4751 8451 2298
16 6633 6068 5507 656 1910 1250 8263 3798 5105 6253 8253 8734 8235 2604 8838 224
22 2429 5818 5540 640 4007 2930 8860 1779 4773 5664 7939 4902 803 7302 8753 681 6310 1526 8685 6534 6715 3218
6 7318 9768 5205 935 5982 2839
19 610 5744 3786 4088 6034 8785 6630 6268 4263 6406 6325 6947 752 5509 4926 6209 7374 9850 5408
22 6965 7677 8254 1491 2952 1355 1745 458 1820 281 6306 6047 17 8199 500 359 5035 7304 6355 2628 5760 6533
11 4066 8021 2690 210 552 9604 4838 9840 6700 9792 8980
20 7229 5654 7102 2825 7642 6344 1790 8293 543 5992 1058 3330 7155 9122 6837 9501 1793 746 900 3042
12 5902 6752 6836 9951 3789 2304 3124 2291 2866 7485 9184 1327
9 4882 2736 4023 3153 9066 2692 9439 5688 7968
17 1563 8257 8638 4086 6085 366 6505 5625 7313 1666 287 6524 3658 1478 4753 1514 1293
19 9411 8566 9485 4658 4485 2320 2407 1428 3201 5097 7944 2943 9899 2858 1426 6701 2170 5973 391
22 7911 2899 8198 6058 313 9809 5564 215 7754 3847 9880 4076 4579 7838 5938 3226 8124 246 4392 6057 2329 6063
11 9901 315 7867 8575 3818 9975 1872 8788 1425 9215 5629
18 3239 8376 9636 9712 3315 2330 6181 698 7189 6776 6086 7168 9893 7979 2529 2734 5460 5361
19 1993 5510 3263 3022 6969 2984 2192 384 7091 9835 9423 4945 3516 2723 7481 4545 5972 702 1951
11 9121 7368 8969 9506 727 8592 4598 1156 1404 7204 9451
17 8578 7503 3765 4533 279 6798 53 1974 738 6869 4524 8744 3695 9905 1445 2450 2806
7 3692 2928 1997 9477 46 6544 3984
7 1866 5487 1640 8868 1647 7110 8226
8 7468 3234 6314 8522 5612 932 5138 5474
21 6160 271 2399 3594 7856 2355 1110 2164 6345 959 3070 3282 153 5512 4915 8528 3355 7038 6028 4510 7289
10 5245 8449 8835 2440 982 7256 9019 323 5051 9507
20 6424 9685 481 9557 6305 1453 2680 7305 4121 77 6130 28 8286 5111 1616 9535 9885 3415 8411 5616
17 8675 864 3105 9071 6422 6737 352 929 5582 2268 243 441 5346 653 8765 9986 3543
18 8420 5034 2973 6903 4764 5457 7724 8237 7624 6312 7538 4626 6249 7844 9178 4275 8282 1472
14 8184 8803 2178 2640 969 9911 9322 8540 1416 801 4082 2389 5078 9693
16 9207 6558 482 4629 9209 7679 8366 5210 6581 9049 5594 5927 9854 452 3792 4040
12 489 400 4720 5783 5584 6274 2842 1561 9378 8177 7130 2430
15 7799 9246 4154 2212 4722 9533 8845 2038 1730 9413 9719 1086 7183 8429 8178
5 7877 5990 8440 9483 7482
25 6952 6924 9543 2497 2041 4595 5310 3895 3862 4314 1911 9302 8074 3011 9193 2991 6126 743 1249 7185 6768 1336 9703 9290 8078
24 8179 4437 502 4141 6584 2745 4441 5452 4159 7987 8027 9358 3150 6617 7786 6990 9786 5118 8365 7473 9008 7251 5003 4273
12 6456 945 730 4376 4245 660 6719 2790 9849 819 8571 4490
8 5161 1689 6420 5511 9065 8116 2053 8865
18 4788 1625 4482 7787 657 6331 2565 8760 1071 8344 1964 1485 9788 6050 3548 6725 3945 6073
11 61 1192 9318 8887 4191 5677 3941 5432 5749 5232 2770
19 6649 4537 4502 7337 7882 8595 8809 3570 67 4044 1236 8532 4745 7675 5823 4755 4757 9622 8080
19 580 3029 8536 4065 3439 8103 6883 7483 8250 5000 8221 7258 4425 5918 4199 4041 5065 5312 4319
20 3564 6747 128 5566 1863 646 403 514 542 7817 6793 3145 4176 8196 6972 8723 7559 8275 7673 5029
20 4687 3329 9631 3566 1181 4623 3432 4899 3902 4316 4881 8165 5257 1957 5826 6934 3350 5928 5735 828
10 8728 9544 4863 5234 6009 4163 7793 4768 6459 6517
16 3457 1734 4507 6927 1152 1062 6865 6674 7610 4569 1933 7753 7970 9750 108 6364
21 8520 3067 7666 5756 5674 9900 9496 8316 5302 7006 991 5421 1782 7591 6037 1107 4081 7478 5207 488 170
17 6039 2605 5156 4880 871 9288 1875 6378 37 836 9489 36 1354 3287 4795 5159 4891
11 1269 7451 6450 7277 4709 3086 8114 5127 7964 12 5865
23 9581 2512 825 1949 2919 2394 4398 7715 1179 2023 5462 8186 2933 4033 1850 9456 8822 7667 2363 3733 5894 5659 8265
23 3743 2026 7465 5602 1835 9234 5835 1417 6915 1612 7689 3277 6823 3917 3519 5438 3716 8880 7821 2301 2521 4286 3588
19 8559 8699 9874 7172 1222 8615 578 7770 2468 6157 1781 6707 6539 1358 4900 7589 6005 7577 4790
10 9979 7104 3603 2754 5914 2122 6171 2213 3832 3088
13 5381 5359 9830 3885 8831 5241 1459 3924 4096 4009 5529 9148 5975
23 741 4511 6202 4405 7732 1700 3499 6134 6223 3 9706 9092 7175 7299 5110 3087 8405 7084 630 7888 4861 4197 2609
13 4829 8407 9167 2844 467 7292 9422 8392 8914 9126 8389 7722 5390
16 5304 902 1904 2180 1631 2368 3230 1065 8347 6532 7056 8714 51 1726 4723 759
21 1735 2788 8207 9562 2409 3338 396 6659 2568 1264 4378 7132 6339 149 3389 2255 2083 5015 4363 5150 9396
14 3025 9452 5535 3193 1322 1388 7590 6506 1157 5974 2830 1935 2280 8301
23 8204 9974 4421 6021 9743 66 6066 3657 7474 8746 6722 8431 8524 3568 6790 1124 1765 9587 269 1636 8717 2321 8898
20 2941 3196 2118 7567 5779 5428 6989 7113 4453 7627 806 7106 9958 7973 2101 4991 664 4702 4811 1207
20 1528 8459 2904 4050 6503 9678 643 5021 9754 7560 5810 8971 3587 1732 9590 182 6302 7350 5874 144
21 7640 1593 1524 6742 8042 942 1436 9388 3811 912 6444 8881 8362 1187 3730 4178 6867 2725 7051 9277 5723
18 5649 5400 7873 3691 8928 6391 8661 7782 7853 5339 569 2699 5774 6976 1662 4354 3264 7049
21 5406 627 2566 6818 100 2044 5382 9073 1166 3372 9879 9113 9862 632 2088 8358 1172 7257 9294 6631 8070
7 8342 1984 5295 9795 5091 5198 8098
9 1353 8848 9045 7226 1381 631 7705 5978 818
24 4495 5393 6296 4207 7686 9537 9948 5702 9632 2693 4851 5587 8304 8060 4831 7032 2672 5331 5142 4509 299 9773 5652 1055
12 268 8713 3073 9524 241 3098 7150 4472 1876 3213 1854 8596
7 585 8055 3403 2992 5678 2591 7093
12 8840 9996 332 5711 6196 8353 1942 1004 6610 5024 9909 7641
18 8102 4084 6942 1627 8609 1859 6179 9624 4675 7363 7192 7095 5327 5989 7487 9891 4337 9176
21 7141 6493 1959 4705 3054 5724 1768 6319 3967 7570 4442 1719 7385 2381 7670 2347 3357 4983 5731 8138 840
23 3471 8739 9144 4657 7246 5913 7729 5941 4019 936 9767 2189 3078 5157 9431 654 2226 1258 8625 3604 5435 797 8884
22 3030 1635 5307 2132 5375 2377 382 4800 3271 126 9337 5396 5850 5270 4448 2002 1483 2853 6417 7044 1809 9765
23 5598 2838 697 9640 6771 6729 5082 8101 118 4117 9420 3285 7587 3392 1690 2903 334 6400 3223 3303 1542 6445 8897
22 8406 7116 3188 3795 9579 1369 485 3421 3496 9826 2595 6778 5877 227 7238 1214 1894 1877 5555 9200 5499 1052
20 2008 8104 9078 951 6538 6643 2011 9822 2796 5559 8649 8986 2789 9295 8875 4015 2070 7437 6461 9770
22 8395 9137 3129 5626 832 3949 7315 7014 3075 490 7672 8067 6204 7419 9518 3431 6599 7426 7083 3787 8232 1230
20 2020 7512 5025 7870 3036 4643 3290 4089 5099 880 7599 7582 185 2752 954 4492 7688 8861 5563 1573
14 3693 6740 3068 8521 9289 3993 6062 7516 7866 4055 1555 54 7863 9829
6 445 3138 5920 3119 4027 8622
13 957 2436 3381 7354 7995 6555 3125 4943 4151 3322 9336 3522 1204
11 6724 7846 6327 9954 6781 5266 2372 2080 7603 5077 8008
22 5716 3758 498 4973 5838 5603 3843 6727 7407 8598 7750 5083 887 3178 9825 45 4116 7181 6335 2908 1576 9354
20 3281 7553 6003 7579 9481 2290 1391 2760 6824 1383 7914 9674 5195 8651 6661 1713 642 6770 4383 3111
20 2912 2123 9286 5054 5830 4477 4989 6301 7178 1328 9142 4251 6226 2485 5288 1007 2779 6796 712 4220
16 5341 5875 1955 3199 9738 7342 7829 2374 3597 4394 2400 4290 495 8049 450 8047
5 3103 3608 9242 4552 5903
17 1978 4959 4794 5699 2261 753 2126 5679 7796 4688 4710 6600 6124 5454 2251 5202 6152
21 297 1651 9586 8421 4326 1211 5550 7542 9300 5026 9583 7024 914 470 1763 1397 5784 5897 6390 5439 7751
16 2986 6457 9965 7196 1281 9684 7169 4433 4301 9730 8944 1462 6761 5895 4649 9916
22 157 4546 6951 977 5267 1746 2702 3231 1946 283 1953 4715 5793 968 7201 868 8457 3996 2182 8267 3703 7524
23 7862 9274 4686 2570 8035 5701 286 1979 3592 1029 4198 2204 3391 9616 7486 8045 503 7596 9551 312 4129 390 7784
21 4214 2006 6125 3433 5952 4971 808 83 776 3473 7978 2282 8478 6568 3884 1574 1575 5410 7938 7219 5592
12 7119 7704 6307 4011 4650 2569 1360 3899 2064 6959 790 1150
24 734 8323 6473 1977 1294 9263 5014 4965 9881 816 2452 6353 5470 3010 8336 7584 9119 673 5940 6592 3162 2353 3715 9004
21 1888 7471 2198 4250 2937 2673 8990 4775 9208 8562 9361 9843 1882 7800 8248 7295 1333 1173 3002 2843 1454
25 4346 5358 5636 8637 1601 9118 9645 4636 294 7339 1603 3163 2567 8252 2980 4765 5930 1083 3954 9271 522 4474 6311 2421 5988
22 2576 4428 3396 3921 849 4854 6359 7592 5062 7384 2526 3536 6945 5383 5215 7992 4670 8949 5515 4691 1972 4160
11 4842 2357 5377 9419 2654 1246 6792 6606 913 9061 2312
21 9283 1024 9944 95 2577 7245 8804 8245 249 9444 9237 1450 5763 8927 2367 4513 5414 1694 9567 1064 616
10 9216 6110 2455 8088 7431 4922 8364 2886 2623 6750
14 9523 726 9744 607 1886 4331 821 4105 5959 7909 5109 1808 7416 9123
17 55 4885 442 5240 6498 992 4366 1595 8288 2607 7809 1836 6166 362 6368 4424 295
24 1664 9128 3317 989 9872 1902 1509 1846 6832 1531 3761 5041 6810 4518 9428 8010 3397 8317 9663 1798 5531 4230 8311 4277
20 29 1013 9012 5955 1272 5799 7534 6962 9701 2769 3963 6184 386 322 4925 4837 4548 7290 8636 7906
11 6961 9985 9559 3938 6446 8504 2406 1947 2272 1448 492
24 622 7082 3541 3915 7034 8259 7746 2045 715 5878 8450 5864 8153 2494 2003 3801 3943 6295 1091 1484 5399 5148 5545 1082
21 6228 3208 8224 3605 3220 4099 3793 6197 2621 9085 7904 731 5747 3001 3217 9415 5144 7660 8468 5485 9476
12 4143 2079 8832 5621 5453 7684 5010 6586 6731 8352 2287 9753
21 541 9052 9385 9680 6703 7548 4256 7532 4853 9659 1590 6891 7461 471 2555 5115 1744 8132 6477 1377 5697
19 3988 2538 720 9769 6340 2831 3532 8610 1461 2498 1395 3235 5943 5681 4438 8422 5407 8541 6087
20 6115 7129 9806 2167 7665 2115 7894 3509 4734 255 1411 7331 420 5333 2496 5392 1216 3063 3035 7002
15 4637 7230 4717 9780 2563 600 9437 7336 4271 9308 5781 9465 6032 3378 8044
20 8962 7329 8588 7193 6380 252 8798 5708 9994 9884 4809 5313 5320 2733 7280 1153 4288 265 8948 590
8 2869 9852 8786 1399 4488 6889 148 6080
21 24 6849 7372 1777 2464 9546 993 7697 6930 7221 5608 5880 5032 3161 7966 1706 5056 6702 6007 3224 1510
3 3654 2346 2880
24 7952 2791 5887 4016 9949 4123 4834 7370 8033 8125 5092 6726 1982 7405 855 7932 1373 829 3023 9525 6193 2905 3417 7335
20 372 9473 8462 6475 1634 767 2556 8148 2309 6146 9498 7798 3379 6528 3820 226 7218 6250 9650 8154
18 961 5237 428 1755 7811 8493 30 9882 1861 8108 4168 8669 1857 6801 9726 1285 9668 1892
10 6541 6884 1260 9345 9127 7762 1016 5481 2139 2939
20 2559 4208 8902 5012 1884 531 6744 4212 6854 1622 4674 8013 6812 3440 4402 8716 755 2764 9196 6405
9 9799 7325 5687 3018 1400 7519 2307 1095 7311
11 920 699 4109 3050 4656 4555 4006 7390 6300 4697 2773
21 4894 8158 4630 4003 7209 952 397 2846 8182 6447 9250 9269 7875 9009 9961 5916 1103 971 7836 5362 2221
15 5424 1803 319 8963 5801 1761 2358 184 7388 2027 2487 2855 3492 1898 2090
9 3578 7379 2442 7096 6672 2541 869 8943 669
14 1135 1470 7164 1822 7288 3913 1566 4754 3526 3019 3864 1878 8508 7527
23 3555 5743 5425 1 9981 4400 2884 4879 121 6103 3476 7651 276 6604 3660 6847 340 574 6723 143 7343 2961 707
15 9550 2160 9357 6904 7918 6038 7635 2150 5203 2579 4215 652 8238 5883 2814
19 1005 9463 1010 7737 5107 4070 4997 449 3700 6219 4155 478 3144 5618 8712 9999 3922 316 9782
15 222 6329 3291 434 4067 5956 8141 7706 2816 5412 5676 4994 3971 3014 7182
9 1040 8209 2074 2663 6213 244 7971 8553 4339
23 375 5491 4867 4064 596 8173 949 1716 8109 5040 7502 9247 6682 1116 4565 1164 8623 3312 480 2815 1680 9714 8122
23 4307 109 2681 419 9512 7901 7643 5031 365 2179 9368 5268 3154 6829 8565 1011 3878 5401 1049 5828 3627 1195 1137
6 9449 4101 233 1785 9971 5653
22 6198 6658 2401 2537 7382 4862 7275 5768 3959 8621 9943 1567 5921 2378 162 2029 1347 5493 5814 7039 948 3185
24 9675 7180 6410 9634 8155 5422 7912 826 7778 1392 2909 7296 3447 5482 9350 1025 5490 4373 6760 9875 9432 7489 5753 3064
19 8329 2714 7631 4202 9457 4990 9928 2054 3751 3216 2749 8048 3563 1760 3835 4896 763 6246 20
17 3371 5113 9255 1186 2741 8973 8303 4614 5947 3132 7828 7981 9343 1517 8139 2196 8363
24 3855 4260 3510 3565 2250 6648 9062 7564 1198 9056 5073 2506 9716 4978 9877 8680 6490 7942 5206 8633 1437 705 5348 5931
23 7040 1860 9011 4396 2799 8951 3345 2525 6386 9734 8017 304 274 1516 8931 5419 7400 2619 5363 5671 5750 9484 2677
20 6695 8425 9267 5957 6141 9410 2173 3469 6963 7630 1753 5098 3336 1265 9211 9756 8802 5773 401 9577
18 7913 9610 6089 3227 8687 2057 9155 754 8906 4259 2611 2269 6289 3809 4005 5037 2993 3665
13 117 2641 9627 6413 9182 161 4497 6163 4884 7680 6064 1027 5179
21 8703 3640 6208 1723 4318 7191 6243 5372 9001 4204 6495 6697 6561 9059 5286 6732 1577 8619 6177 9499 7713
23 4948 8586 3512 1792 2997 6893 3261 230 8136 2051 4312 8166 1682 201 7571 1673 6315 4142 8066 8053 6895 443 5398
21 9325 3575 493 2896 415 2969 6999 1638 7842 3416 4217 809 7653 7107 8946 4961 3890 3427 7052 8613 8120
8 6831 2536 3354 780 2323 6896 2602 1855
26 273 4781 7406 3875 4558 4938 7840 7425 5009 3731 8741 5385 5259 7734 2396 1125 5506 2687 888 6233 7332 8393 4580 4324 2606 1677
23 4855 8736 9556 9109 4372 3215 6946 7508 2766 7659 3221 4620 414 7328 6267 9802 5119 5772 44 6278 4375 371 8211
21 7401 5858 150 7934 7916 5962 5824 8857 3992 2633 9798 3628 5805 5789 5633 5084 8012 4095 644 3265 4018
10 7929 7210 9890 6356 7162 4588 1607 8913 4918 579
25 4618 9406 1674 1221 5620 4806 5069 8228 105 2040 5301 8883 6953 2532 4535 5258 7723 7124 4572 9032 3183 6194 8762 9960 1718
18 4058 1630 6804 4228 4297 9832 4541 5279 4594 9584 1981 3977 26 1382 6525 7031 9530 5855
22 5086 4693 9282 2425 5351 4544 3117 5951 7187 8026 2228 8105 7547 2109 1519 9244 9946 7854 3497 5834 1641 3712
21 2061 1773 5554 6430 6280 5374 9553 6880 1130 8811 4632 4025 9086 2010 6256 2575 324 6401 7136 2100 3480
22 2316 2942 6192 7874 1430 6601 3326 886 9228 137 1715 8475 515 4053 6691 5022 1703 4229 6933 3140 8168 1865
23 6807 5948 4910 8823 1729 6886 177 2075 7501 692 5016 517 6679 1618 4732 1621 3634 8751 79 9922 1619 9120 8490
6 9888 5991 5349 6637 8162 2951
13 6916 6135 1995 1508 7232 2585 8970 9641 2025 9592 4329 8607 3679
16 8670 8603 6106 395 5140 4746 8810 3353 745 4175 192 4462 5354 2310 662 3229
19 8758 2426 5282 7097 5371 1188 4060 5309 7177 8107 6180 8846 1238 7526 1161 2865 5685 9608 1210
14 5860 5213 9666 5120 2333 5228 9381 2612 8904 5786 2340 5274 1743 9914
8 9679 1113 7248 2982 3760 2822 2326 757
19 563 7638 5732 6357 7777 8617 9741 8830 2443 5852 9688 6545 2890 9932 3240 8100 6844 1473 7824
20 3167 3579 209 1201 2105 1443 2270 7822 9724 4358 8140 7529 3613 4322 3337 1764 101 1495 6348 8337
22 9409 3826 4661 6338 9657 3057 85 2652 4828 1891 6235 3661 8576 1727 2995 2655 132 7892 1076 5657 3533 9461
17 5300 1438 1588 3083 290 8955 7448 3434 3829 6684 3894 1626 3094 9942 899 7476 7111
24 5235 7993 5006 9105 506 9527 7730 4858 6925 21 9783 9083 4912 5705 8015 7851 404 9115 3192 6890 2624 783 7163 6433
5 6663 9347 368 733 5969
26 8477 4583 8328 6360 2856 8772 2551 6716 9132 3754 777 2513 2636 894 4459 875 972 220 9791 8859 5797 2704 7307 3734 6782 5415
22 1776 3951 9845 8348 4119 6178 1389 3269 6926 4457 238 4190 4982 5068 3916 1375 2222 8041 5325 2550 7281 2138
17 7499 3197 513 7446 7884 5169 425 3505 7194 689 1073 5357 7773 4303 3797 5434 8106
18 3549 3596 608 839 5627 5495 3759 5632 7926 2945 1720 2099 6144 9058 7283 2914 7834 1247
15 8708 739 6455 8346 1843 4587 2033 7558 1299 7726 8491 793 612 4692 4941
24 606 7287 3989 1233 4029 2771 3062 9408 2515 1393 1464 8383 8749 999 2148 3545 1990 1089 8497 6394 6136 6323 749 4145
9 4071 9864 9349 1749 4102 8330 296 1599 3589
25 519 9649 5748 3475 208 9617 7745 8560 4776 3305 5394 5314 909 22 5778 1289 8805 5277 6878 5126 8964 1280 8910 9210 1306
23 769 3257 5954 8419 922 1762 8324 1523 3624 3905 9230 3186 1342 3777 7160 9323 2127 1540 6954 9887 911 4157 3860
23 7957 4414 9813 318 9116 529 7344 6491 1259 9268 275 6375 6363 7260 9162 9683 8812 5950 8777 4600 8683 2998 3858
24 2917 8262 5996 7580 267 3366 5124 6932 8339 5999 9029 5284 3920 8427 4187 3523 9034 9174 5609 6099 4563 7814 7001 3618
23 6381 5808 4194 1994 9654 9179 2979 5260 6910 561 9541 547 3707 8526 2871 1950 1712 3911 7348 2976 6693 86 5125
20 4758 9402 1564 665 3906 2613 9186 4582 8360 6754 2522 2615 4917 784 960 8269 1213 6045 8091 2926
19 1867 1406 1869 2112 5088 189 5910 5373 2205 5420 3242 3076 6860 8771 9398 7756 879 4741 2540
18 5324 8302 7314 830 4139 4344 106 716 9667 8481 6743 399 4590 2990 5561 4740 5059 1060
21 1138 7398 206 9705 6615 4749 2404 461 6850 4340 4235 7454 7497 8172 1648 1691 6487 8942 1158 5812 8332
23 4059 1605 2511 9382 7683 152 2482 8938 1583 967 7488 9908 7462 5249 1714 7788 748 7439 7703 2902 3041 1093 5020
20 9305 8557 457 8285 164 559 3609 7271 4892 7949 9998 4473 2947 4993 1740 1262 9515 4399 1699 8870
23 3817 2233 6168 1527 5663 3026 9681 1239 4696 1660 4802 8516 1154 5052 50 2757 703 9855 2820 7450 8222 3571 2271
16 2883 3311 364 5298 2154 2960 6187 8476 8076 1696 2678 6419 3084 5669 383 3012
12 1105 7575 3352 9755 6175 858 2202 1987 3254 3886 1202 926
22 5445 7198 6200 8856 3879 1676 7068 8987 5353 695 7507 5908 4097 1611 8757 6230 2968 3040 9013 7946 4445 6994
12 4679 2963 6536 9492 7092 881 8542 4564 3450 6605 7990 906
24 7070 7891 7546 7554 4602 8530 3232 254 4638 130 6389 2345 2923 6655 940 4144 8754 3306 1205 7989 7983 3871 70 2441
23 6815 8024 9602 7236 7434 1046 2505 3901 1045 1679 953 5005 1501 958 9727 6318 2728 3927 8202 3131 6065 13 8210
8 6901 2738 6741 3426 782 4887 7831 7881
17 5934 8711 7414 2882 6488 5122 2144 5722 6543 3897 1548 6841 2469 3020 2259 1084 4013
23 6277 817 5049 8991 6739 6647 2187 8851 4456 2835 8916 866 129 3521 7839 9488 5840 3081 5775 7338 7833 438 1653
19 713 7612 2230 8816 2140 6512 494 1943 3225 3387 6588 6651 7 1927 6964 2823 8090 3836 9918
23 3090 4387 2657 6567 4869 4024 4756 9652 2977 5804 6167 8961 4898 8829 5128 1632 2149 1401 4239 3934 2096 2145 1115
8 7861 8484 6304 9815 3539 1645 770 8163
14 2720 1323 1002 3482 2924 6882 7872 4470 7352 9725 4026 2283 2620 3929
24 9514 3236 965 6563 5187 127 9962 2343 4499 4038 3137 5072 4165 735 3955 2493 5987 2647 8818 3464 8386 7395 3780 8594
16 8890 7691 2052 8428 4357 7021 1772 556 3598 6564 6489 7776 5121 9390 9781 9317
13 6689 6189 3459 4836 1684 1232 4300 3099 8312 586 2063 6043 5071
17 8731 8290 1142 511 2900 8273 5579 1725 8164 2972 6868 6203 4682 9163 7531 7076 2528
21 1273 3651 1970 5686 3732 3784 1937 8413 2241 8218 4651 7094 8863 7897 609 1413 5178 3248 8893 4540 9334
18 8518 1637 6786 6029 2245 7152 4639 5844 2875 9379 1840 6231 3256 186 9275 3503 3491 6470
25 423 1784 4200 1223 6842 5539 9576 9539 9424 9837 2264 4916 4669 1767 800 1296 4974 9664 2533 9173 411 8515 6621 8152 7496
15 4742 3147 5323 2048 5155 3550 1471 2308 9967 3158 264 4010 6291 6273 4476
21 2015 5712 611 1474 9101 8800 4244 5188 2938 9479 1921 7718 3413 1183 5736 3485 504 1507 8454 9552 7649
23 2247 3540 9412 47 4410 3370 2776 4503 524 10 2024 2978 1926 8061 1780 3642 6084 3944 4434 1868 3349 3080 1456
9 9003 3249 8967 4771 5518 7059 2133 7568 4268
14 4601 1384 7347 7615 5925 5984 4461 2965 6145 3998 5776 7744 2152 7714
27 1097 658 4635 7243 6634 3802 709 9075 1412 8505 2534 8688 3404 1668 5552 4454 2785 3960 3091 8558 8769 747 8467 1801 7202 2113 9721
11 3055 3005 5089 3833 3583 8403 6589 691 5684 3085 9287
13 5192 9935 5983 5585 2868 207 7358 7955 8046 9007 7079 3310 9993
22 6263 696 7428 8784 9575 3701 595 8998 4784 8871 3127 6059 5117 1035 8525 8117 5223 5423 9373 5806 8279 7766
23 1305 7687 7117 2649 5036 3205 2547 7222 202 3428 2478 4218 7583 4684 9605 4201 7652 5378 4193 526 6153 8925 3863
23 549 1372 2975 8434 6316 9064 6480 6460 2958 2191 1934 4487 2325 1229 5696 6791 5832 8443 7765 4599 3576 6148 1823
13 6822 1492 8370 3632 4115 7785 6346 4699 23 5095 3626 3184 7391
18 672 2384 7145 2557 6680 1310 356 5183 8442 2560 528 8002 5898 8356 7427 667 9637 4446
12 3442 7156 6756 7085 3270 1496 5553 6236 7170 5048 7310 2300
23 7429 8630 5710 9487 3453 9262 5170 560 4045 1302 6838 5909 2863 5785 7071 3452 7815 532 289 9953 5162 4901 1254
17 9084 2297 3173 9240 4486 2546 1291 985 1853 5468 1623 8677 5752 4287 4261 1966 1261
17 2735 5727 9503 2036 2181 1686 2171 4872 7924 3574 5364 8549 3567 5796 5456 4252 5067
24 9752 8932 6155 3462 1500 1667 348 4415 4211 4221 3182 1814 9867 213 3074 2334 1174 5740 7593 1044 5836 4310 7702 4909
24 8878 3991 9871 1106 292 6597 516 8160 1907 3610 6779 2631 1525 1885 6027 7674 63 9895 8255 9599 2878 1825 8260 6365
9 9847 5769 3358 7195 1769 3383 4341 2650 1284
10 5497 4090 6485 4170 2539 5212 9464 2660 2210 7996
26 3607 9090 2782 7662 3325 3623 9284 4498 1541 6683 8960 4893 5767 8593 3484 1094 198 3171 393 8611 479 1398 8572 1043 2610 6492
24 9976 3276 5189 4830 7668 4786 3181 8984 3155 1104 6681 1756 7819 5986 5002 9748 124 7233 7623 9339 8441 9467 9387 5293
21 2465 768 6199 3779 4782 5650 7276 3785 5123 5635 6234 1905 6612 2068 9732 1131 5884 6074 3388 5055 5449
7 3696 3585 2635 3807 5344 1817 9776
26 4008 5693 3294 277 9696 6352 7628 5050 2802 930 3247 3930 6751 4625 5216 5577 3376 9386 4678 1099 9760 1881 60 4886 690 2618
16 6002 4379 6404 2957 4807 6966 3970 2288 6714 2876 6154 270 3324 1144 302 1579
17 7109 439 3537 6247 8018 3694 3449 7879 4237 1535 3577 9312 6371 4447 8398 9129 3110
25 6670 700 190 4935 9633 9613 5135 9889 2954 8058 4561 3846 8650 5004 9470 6117 94 7012 4222 3246 9615 7739 58 3126 805
18 7013 5660 369 1096 1203 1819 6262 6014 8828 3711 5319 1858 8626 8501 8195 5395 7112 8654
23 7463 7657 789 8892 448 8768 4403 9833 9027 6156 2630 576 5958 3763 9348 1351 787 110 7157 5459 3637 3172 8123
15 8640 3008 7319 615 2686 1529 3684 8778 8349 466 5924 5644 9690 107 7985
20 6031 6922 7492 3169 1297 1787 7149 8976 1988 5484 4621 4631 9017 9258 4216 7053 9391 7597 1837 9938
14 4078 6321 5527 2561 7402 3508 5570 7841 2638 9417 9898 3488 5296 6514
25 1560 5227 4112 5777 2967 7922 1587 6956 3952 7361 5534 8511 4566 4125 2859 3968 2500 9522 2028 570 6766 1366 6358 7813 4338
20 9313 1512 3092 8464 7174 8037 6013 2948 9324 3135 7016 6995 4210 7027 1126 3268 2094 8666 9711 4951
24 4525 1838 3976 435 5888 5291 9177 4270 4714 1069 7898 3328 5104 4335 1901 4004 2199 6626 7022 9124 1379 2490 4269 8156
19 2695 2589 6875 6128 7698 9130 7682 7387 9896 8843 1061 5739 6787 9399 8663 9067 5269 845 6458
22 5970 3307 7889 4624 6856 8187 1487 5116 4046 8662 7259 6083 9384 7153 6988 8483 8499 5683 1301 7166 430 8850
17 3629 666 1248 350 1308 2956 4188 8689 195 1167 4505 6553 6010 9759 2114 5937 5939
21 8773 645 1081 3465 3896 8533 862 4550 670 7090 1649 3152 7099 8280 8354 7919 5788 1788 1663 234 758
19 6252 3783 5352 4986 4607 39 1960 2042 5919 2721 8709 3713 6935 6330 5791 8095 1403 5661 3880
8 187 7864 6053 4703 476 8295 6019 5476
26 719 2748 2495 3554 2600 6638 9742 9458 4491 5619 8691 7998 6619 9351 2850 3359 4262 4817 1925 8084 8206 7878 2671 9198 635 6721
23 6403 4706 6669 2031 9180 9364 1458 6416 9157 4562 3635 1026 2545 577 2553 3769 7514 2069 7074 9309 6096 8648 6840
13 7956 1833 9920 7637 8614 2473 4617 3258 5074 5134 4073 3212 1140
16 9707 7561 3990 6879 9070 6114 1688 103 1818 9966 7767 5588 3015 8174 2185 2862
22 5335 568 3409 200 9252 2121 5176 8544 9643 2756 2197 8567 7377 7500 7396 3151 6611 2987 5272 7977 6981 7393
6 8310 311 2731 3082 1880 5046
21 6466 7435 8978 3816 8093 4409 6272 7633 6593 2220 1692 2359 1736 6077 6229 4680 4726 7349 4700 9024 3043
28 474 1228 7768 9297 6454 9710 9158 843 8820 2901 5039 8764 8872 8169 7046 2700 8381 9448 7449 7240 1385 7639 1242 1552 2888 1952 3687 2818
13 1757 583 8435 1208 3399 5168 2685 8885 6624 1708 9147 8251 7537
10 5440 3444 7948 4333 9201 6500 6623 9253 6520 4823
12 7965 5868 6150 874 6550 3477 8665 7456 9082 5519 7147 3284
20 2135 4150 1874 2841 6696 5692 6415 9955 7125 1989 974 6079 6666 2454 9529 9606 8036 3702 8877 2203
14 2519 1515 8458 7355 4890 4460 3979 7549 8676 9865 8561 5787 6991 5547
16 3869 3149 8020 3362 2175 6522 8325 4694 850 1036 8340 1467 3671 1147 7017 4047
27 2571 6412 7108 9353 9497 7411 2314 5451 938 5247 5180 740 9571 4660 261 8387 2873 4960 5595 1661 9063 5467 2746 1128 1350 2492 392
23 8175 6706 5387 2642 6645 7278 7808 1455 9950 2043 865 4608 4388 2950 3237 2433 2091 2727 4108 9203 1813 3781 406
30 88 8950 3148 9316 69 1386 5503 5642 5366 3393 5076 2065 8416 3561 5163 1255 8911 9919 6137 8281 1851 2517 5397 2824 1244 5030 5867 8879 431 2659
25 4309 5218 8548 4875 8681 5662 9570 7066 4944 544 9644 8807 5171 6970 4280 7408 2646 7128 2022 651 4908 1938 2103 2224 6559
14 1066 2356 1407 3430 5182 3414 9375 1182 4278 5221 9607 2740 6830 6686
25 7475 7928 477 9495 4153 1111 1352 7282 2810 7176 6036 1317 678 3595 8264 6176 1486 5164 5707 1274 5673 4458 49 7953 5977
18 1315 9619 3918 7224 655 417 1685 6809 7135 2362 7037 4114 5154 1435 1253 5416 9591 5573
22 1178 5572 8410 9702 6762 8510 9694 6866 9330 7062 6105 4567 7047 8732 2420 7247 625 9099 1659 1367 7138 8054
25 2432 9393 1879 3024 5516 8791 5690 7010 7629 8645 5101 2370 946 72 7520 3000 344 2763 781 3581 915 5831 8503 6944 6507
26 677 7399 9405 3176 7602 6474 2781 3940 8981 2966 1368 7865 8345 6692 6590 9389 9531 2974 7139 2750 834 410 8923 1479 8308 980
22 84 5885 7320 7648 5347 4291 5287 5622 5008 8550 9221 6622 534 539 2047 7545 1829 4952 1390 5942 5889 9545
13 2920 4494 2166 3947 3191 761 1263 4798 9346 6817 5964 4531 8941
19 6783 5717 7020 1218 8940 91 4356 5915 1051 8815 581 5326 3525 7910 6214 1380 7214 2697 3402
24 1209 2424 8447 9947 984 2434 1169 9440 509 5700 1396 6820 4092 7720 5165 1329 8461 4182 4581 8276 4077 1295 8959 3631
15 5299 3253 7114 2626 326 5303 6398 6814 2817 9044 2962 4542 955 5718 7123
22 9913 2780 5477 7208 8876 5803 6094 8099 3121 1337 8470 7100 3630 3244 2405 3706 158 3834 2258 4956 6573 6676
14 5018 4984 9320 7574 3680 5815 7761 2035 8014 857 3308 4685 4777 3824
22 4435 1170 3865 4920 6000 8034 908 5405 6775 8692 4747 6774 9978 1444 3881 347 4192 9580 792 4308 1958 3749
14 8292 6745 601 9450 8368 3194 5100 3228 8244 3341 605 8797 6051 9172
14 2949 2507 8774 168 7690 895 3493 8806 674 5219 3278 3645 518 4471
25 4377 9563 7028 7927 7876 1797 2852 1325 508 4634 9687 6728 9593 6773 3980 2350 2617 3804 7105 2427 4672 3727 5811 5443 8519
17 3580 8149 8277 8040 172 4035 6871 8909 4559 1539 2837 257 4845 2936 3419 6227 4325
25 4094 1335 1543 5615 3910 3602 9002 751 3102 388 8051 8721 4543 3323 7708 6763 8390 6509 3344 75 9365 4766 623 7611 8278
14 4839 9140 6123 4164 4285 7380 6261 5043 3524 7453 8423 9600 1191 4296
18 303 567 1489 1177 4953 5837 546 5526 9089 6104 5389 3494 2486 593 2879 4729 2786 6
26 3156 1992 1609 8574 802 3319 7211 6336 6082 3648 3946 3507 3556 8775 5384 125 1068 8399 2267 4254 3504 4812 9956 7154 9940 5244

