26 3968 9868 2933 3295 1462 5522 9864 1411 987 2509 9983 4147 5761 9935 5622 9103 8495 2665 8704 4816 9374 4681 566 9064 8771 4771
27 7313 5532 1037 4046 7383 220 5596 2680 4785 8213 2948 510 3317 5716 5971 8534 9998 7783 5421 9048 1331 7754 1254 9579 2291 1738 3952
27 1788 5492 4769 9817 5102 9504 3625 4938 8477 886 8159 2685 777 1094 4883 5187 8023 8304 2580 4253 3294 5776 4959 3936 4600 4354 6279
28 1187 3991 1407 5612 4227 8368 4015 1657 8993 5384 6893 1214 3926 3003 9712 131 4570 3419 6964 1844 6122 2190 3542 7644 7521 5729 7850 9558
28 8561 5008 49 2252 1123 6027 1222 7981 4931 8325 5501 778 3819 3806 4637 5546 8028 6689 3569 5563 9062 543 3135 4360 5907 3522 9349 98
27 4764 3551 450 460 3557 1236 4137 5760 4306 2931 4720 6213 3759 3983 5652 1169 7189 4023 8312 410 4000 6751 4020 4437 4268 4418 7414
28 8644 1348 5462 4151 6278 7637 5446 8649 4289 5322 2760 8552 2019 3061 9430 1616 3068 1265 1582 3097 1663 4210 8192 634 6495 8317 3159 5666
27 2711 687 8118 6284 5797 216 6994 2064 597 6138 7009 6612 2165 7088 7385 6334 4706 8997 2127 8806 6467 2025 4407 6972 7938 341 3818
27 4049 4338 5237 9669 4250 1229 7866 6436 5843 7037 1709 6763 6471 210 1819 9297 7292 7225 1116 3843 1107 6560 4105 127 8037 8715 2436
28 9151 7642 4543 61 7707 8277 5478 2908 8914 8728 4833 6997 2998 680 1504 4146 4496 6124 5463 9125 7137 6101 2340 3727 1881 1270 2634 3082
28 4611 7545 9361 9042 2186 5949 8957 3871 926 1519 5793 4383 1128 863 2540 9483 6403 4070 8230 3282 4022 5922 7799 9034 9934 3092 2349 6537
28 7760 9992 8919 9806 593 1612 3669 7338 1121 3989 5096 8106 9287 178 6100 4549 211 6443 4649 201 1019 6602 5560 5110 5918 950 3188 9346
27 4801 9791 276 7798 6000 5901 6112 3037 8588 5035 9654 865 6174 9091 5409 8614 6965 9896 7550 9639 6852 349 3045 4973 1615 4135 5320
28 7256 6687 2916 7985 1715 3346 3151 6470 9231 3078 7355 4612 6915 3801 6362 6802 4191 7027 807 4508 9649 6986 4993 344 2942 8941 2134 6172
27 8453 8152 6623 5109 6681 9856 7872 5105 5071 8628 6648 2720 7388 3942 5299 9209 4704 4842 246 5321 6477 5140 809 2498 1967 5591 8816
27 7735 8523 7042 7084 6005 167 6866 5084 6824 9760 8189 986 4918 6846 5594 834 6695 7070 7814 317 1086 754 6366 3274 6442 8819 2659
28 7901 612 9951 1499 1644 408 690 4134 2303 1207 3797 7785 7157 8137 4855 6594 8029 1931 9901 3296 3561 1183 5665 1947 5593 3161 4235 1921
27 5370 3361 1818 1745 375 6731 6036 2679 219 3362 3548 115 7005 585 981 7834 4453 6839 8380 5141 4176 2376 6222 3796 5712 2879 5453
28 5057 9447 9075 7060 8063 443 2375 674 8680 620 3863 6693 331 9736 7431 8190 5013 481 4133 4854 6196 6848 2282 2667 5870 8070 3530 4300
27 8267 2241 8566 5263 629 7488 1344 7927 6572 5781 9862 7459 143 5767 7757 9066 6760 7632 6285 8069 1202 8965 8555 7617 624 4963 6632
26 1764 4766 2482 8273 9462 5435 4315 1620 3565 9482 1034 2014 8601 4373 5627 4541 1806 672 8785 9550 7897 4664 196 9904 4586 4364
26 9328 5846 3903 9621 8250 8834 2331 3654 1545 9815 6552 6719 628 3963 6653 7591 5043 9693 3969 6805 296 8818 3157 6573 2059 5470
27 9890 4878 854 2573 3845 7203 5353 380 5183 2230 5412 1371 5600 8883 3692 635 7932 6110 2639 853 1902 9631 4907 9633 4384 9152 511
27 3611 3765 4803 9175 1631 1093 9565 1707 6331 4647 4101 8604 7242 2704 4488 8370 3253 9920 4725 3658 6636 6911 4450 253 2999 6737 2661
26 9858 9166 9797 8699 7723 2429 8328 9240 3675 5297 6862 5803 6143 2666 8095 5040 5272 5468 3768 1514 4624 2953 509 7214 1739 4747
28 5262 552 2012 2479 4192 2346 5759 2161 431 1837 1395 907 3812 1856 95 1927 5755 7103 8800 3738 9574 9972 7128 9253 5549 3421 8539 3021
27 6891 7222 2777 6925 837 4627 8737 3430 6515 7036 384 5441 6129 3441 8926 2226 4043 1523 1201 5807 9479 821 2115 581 5926 3279 6055
26 5354 1437 288 1250 9027 3479 9133 7046 8122 9979 7877 4423 4157 4340 9525 3056 6199 7446 5145 9623 5101 5795 575 1184 8265 2451
27 8724 7704 5206 5461 9484 813 964 5739 5975 5514 5279 2044 6941 7702 4139 3927 2379 4475 8208 4203 3200 3498 5660 3354 9422 6189 7996
27 1466 2202 4808 3064 404 6255 8933 8001 5301 6606 9110 4136 394 2632 3753 1887 2047 4924 6949 8212 269 9514 5996 6415 6184 4881 2497
27 7609 1734 5472 5298 2401 2920 9107 7755 135 7536 6582 1126 2082 5067 1713 2245 2929 875 3365 6047 6801 8690 235 12 6821 518 5823
27 8090 4433 6935 1152 5726 3091 8488 9338 8603 6856 7928 116 2675 8761 5519 7514 9405 7093 46 8059 1658 8433 3098 2093 9423 5021 4978
27 9211 9117 5031 9735 9937 236 4487 1098 3908 3484 8931 7247 5265 7725 7200 8519 1910 9237 7 5449 7461 9953 1266 1015 2829 4605 7264
27 9284 1896 5529 4311 1448 1794 1865 2310 5822 7450 4687 529 1870 4448 367 6924 5154 7563 1729 707 6080 1857 4287 8218 2444 1690 7207
28 9742 8568 9756 2384 5460 2024 7412 5163 1609 5121 648 5791 8989 805 8762 4080 2341 7210 8444 7403 1251 8531 1669 9069 8081 7246 3868 8465
27 8315 698 2418 8829 9515 4639 5916 5772 550 392 9689 2923 683 1853 4902 3869 8119 8300 9199 1438 9722 6702 3141 8018 1601 1928 6625
28 601 7030 1816 170 1758 1787 4597 6747 8042 3229 4728 6434 3488 6060 8148 5982 2231 4609 2460 4330 6645 9472 9004 4008 2275 2268 824 8194
27 9543 839 5965 422 6912 2298 5875 7142 6872 2100 2897 2314 9411 8422 3886 4164 8921 9846 4285 9086 9657 4741 4381 677 8374 2561 6787
28 3902 6001 6754 5668 9974 4694 7379 7405 7661 83 1988 9370 2576 7012 4845 8773 241 4086 7366 151 9146 5180 6260 7807 6311 5432 362 6479
27 3233 5608 3302 6459 2201 5706 9184 6764 4031 4856 5329 5137 1102 4199 9196 1391 1341 7133 763 7819 5992 7139 5009 8241 5685 9444 8307
28 2652 6347 702 7744 7519 6485 6703 6393 9954 9254 7950 4582 5894 1406 1530 3287 6617 744 2662 3178 8275 8632 6499 4228 5256 8744 6843 1199
27 7633 9136 9131 2640 931 3049 3348 9393 6523 168 560 9809 954 3944 920 2387 505 3615 7956 6081 1529 8902 4631 6932 8105 9555 9154
28 1134 8607 9820 1909 2506 8701 4093 771 6547 5425 8224 3298 1920 7712 8140 5268 8401 5422 8973 1394 6071 3070 3586 1714 621 2616 4962 6596
28 8595 9417 8297 1442 3036 4076 3281 4758 4736 59 822 1320 909 7130 6365 8975 5573 3261 4987 5893 8101 4613 2896 2885 4840 2123 3038 411
28 6638 1035 5865 9408 1025 5744 308 6979 2175 9093 2011 4344 9365 7919 6895 3102 8843 5038 9985 122 5892 6840 5657 9878 7386 2881 5178 7215
27 1753 7984 26 8833 7249 7327 9975 6163 6847 569 1524 1176 7588 3152 2256 2445 5393 1426 5094 6194 9176 3478 7713 8376 1891 8443 9307
27 5552 4796 8977 659 6073 7176 7605 1541 8458 4241 3670 140 4081 7948 9290 3641 1351 5246 761 8340 3358 2392 2405 6828 4762 7839 3570
28 2823 6597 2005 7230 2212 4096 1770 4953 8723 5222 6586 6310 4583 3894 2060 903 1195 5841 5920 5858 7913 7445 4505 2104 6783 9003 2786 5638
28 5835 94 2442 2459 2578 4677 1689 5457 3802 6233 4243 2124 1972 2428 9547 7778 803 5186 1252 1065 9333 4848 7306 4798 940 6161 3540 3531
27 6190 548 6231 2239 9241 2642 2313 3156 2083 70 2325 5913 9844 8630 9424 3650 4118 3852 3337 8600 3689 8716 6053 6717 3173 2814 7908
29 9872 6785 4481 1926 9752 8462 2748 8249 5235 3313 3055 8455 1147 4743 1353 7564 4522 2492 4372 913 7198 137 2597 8112 2422 1263 9580 3285 969
28 8709 1062 1779 8906 4005 9494 7896 4880 7671 9056 3431 3131 6010 1553 1453 9214 9587 5733 9401 5620 2210 7252 6317 6408 240 3958 6264 9932
28 8407 7574 4169 1809 6113 15 3019 311 3234 9562 3507 7404 5664 6741 3344 183 1654 7141 549 6372 7954 4463 1583 6325 1820 6722 3829 6065
27 395 3503 6864 7650 2394 3114 7675 4325 8309 6820 1630 9309 4925 4761 4109 4610 2321 268 5288 1357 5824 3447 8203 8935 617 8151 5392
28 7822 5939 3579 850 2752 9678 930 1368 6186 1259 7091 9664 4410 3132 4317 4434 6940 3088 9783 8856 9493 8157 9450 9082 1361 2441 6235 3504
29 2636 5241 34 1417 9139 6280 9599 8646 7693 2009 9500 1444 1085 9694 2424 2324 6492 2299 5799 3428 6165 1859 6909 7551 9788 3653 7965 8479 6091
28 4616 1424 3339 9378 7790 9329 9571 8518 5293 3835 5420 8507 6187 3646 3389 1272 3552 3473 9195 2958 8382 7987 7074 9962 9613 951 6810 7502
27 4661 405 1751 3951 5148 8954 8285 6419 8262 5070 3286 4892 3246 5132 984 8529 7129 4498 6555 9357 2317 2824 9557 1333 2904 1211 9192
28 8849 3632 8415 2599 5940 2218 7239 6389 841 9317 3280 1460 609 3269 5426 5505 7236 4162 9511 1273 5203 8344 4319 1951 9143 4680 5002 8670
26 671 1271 5476 4219 3671 8634 80 8876 1980 9545 2076 5874 2893 8732 9276 180 7333 1992 7303 1372 5728 7154 6203 3138 6830 2994
27 4891 7006 8227 3698 5910 9777 2154 4116 8460 8476 3791 7873 2842 2967 9931 4756 4059 5340 9316 2871 162 5221 3352 6490 3226 8412 5674
27 2452 4392 2524 8872 2036 147 1998 420 7765 1986 1182 6178 4986 965 5565 5199 2173 8947 7821 8071 7895 7354 4337 5215 3474 224 2894
28 558 8468 3575 3278 7625 6746 320 9495 8316 6385 1647 8734 8752 8650 2237 5730 5242 6938 8419 3217 7269 7562 1731 2812 1543 9765 6960 447
28 9340 1125 5886 6474 1390 5714 7777 1253 5900 7614 3825 2397 1796 5808 5477 2108 7273 3162 6469 8612 3750 3577 9978 8994 9347 371 2296 6575
27 993 7918 736 9073 4697 3703 7988 9848 409 1360 5327 1436 4294 1145 2372 8221 3891 4742 5697 1432 2377 316 5629 7152 8916 4832 5473
28 3145 8440 7689 7020 9790 7952 8494 6744 3158 6711 9812 6145 5579 8886 7310 9047 4094 8107 3466 5979 6825 9680 6631 4411 205 3645 2952 722
28 3256 8983 9227 9984 9520 1740 6643 107 9267 2457 4064 2887 2092 9010 4851 369 7081 5816 6957 658 8173 1628 4150 7711 891 3072 6650 7917
27 9155 476 9940 1505 7980 9121 8463 2601 5490 7776 4565 4215 4371 6462 5643 9717 7879 4991 9656 5172 9945 8648 121 1629 5698 7315 3767
28 1472 8207 8017 9039 4144 6125 6007 4356 6535 1692 8862 39 3095 5962 5786 4737 5567 2839 2596 4663 9715 2987 9074 7788 9927 5789 5681 6614
28 6845 7720 3501 6961 8751 1293 8958 1299 2207 9889 4921 3846 6352 7077 7493 7307 9734 3193 1366 1164 2455 9468 8179 9667 426 3345 7885 9204
27 7995 2803 4996 8130 9816 5883 7800 9675 4370 7610 3194 9372 189 7557 9325 4438 6249 2272 7640 7434 1018 8647 6534 5344 6029 7194 1651
28 2993 7343 7421 6936 3696 9165 8442 2499 2318 7268 5983 2370 8722 5994 2006 494 8196 2246 967 1984 2471 6548 7520 9576 8061 1540 8167 973
28 6669 6062 7694 5696 3536 1760 745 9986 9798 9260 9526 1915 2017 4288 4177 3213 7994 4868 1087 944 5576 3655 3706 2862 378 1607 9015 6441
27 9215 3505 7011 4436 3380 7149 6522 3882 6795 7484 1825 2276 7884 8338 8713 4492 8116 4911 7959 959 8079 8739 7524 8846 2848 5216 1397
28 5798 5049 5794 4415 1016 4903 9394 190 4577 5904 6672 6585 3584 9008 1068 1736 8336 3031 3967 4007 3725 9536 1716 1474 6008 8062 6173 2107
28 4473 3665 8143 9286 571 9825 5323 6215 468 5530 84 223 3705 5606 8362 2631 8158 6476 992 8656 9298 8408 8243 2393 3993 4699 7805 7368
27 9925 436 2365 7982 434 8072 5022 174 2179 3481 2725 2255 6115 4074 3747 8373 3928 1216 1400 3397 8102 7490 5294 9542 3840 9330 7722
26 3236 1425 5917 9592 4976 9302 1322 74 9178 1419 9704 9311 3034 6743 1606 8333 2521 4016 3809 3862 6694 8576 2257 1705 2807 8932
27 526 3235 2649 2169 9899 9874 1542 9078 4640 3487 7727 6238 2316 4218 1552 4207 7218 905 8496 1234 2102 6489 7602 9285 6303 936 3071
28 7828 5336 89 5310 6313 791 6099 4452 1477 5238 6191 7596 600 8675 9588 2462 6962 6083 8817 3189 1208 3712 2638 652 1385 7764 4685 4659
28 445 2583 7529 1100 5151 397 8609 7880 4003 5045 1708 9092 9250 9207 30 6119 7733 8396 6827 3029 118 1782 6799 3800 9947 5054 825 5987
27 4760 3496 6959 3867 9772 7668 1804 9939 9327 3105 8943 8558 6192 5379 7556 3837 1640 3263 7716 6536 5319 1277 5173 9320 2306 6564 7820
27 2182 6214 108 3950 879 2279 3541 3647 6296 1516 6183 3356 9081 838 998 5790 7829 7476 6875 9026 1699 351 4369 415 1464 870 3006
27 6603 8657 563 5171 9258 704 7751 8687 400 8318 8976 5162 8007 5727 3067 263 4010 9758 6333 3509 4651 1017 3237 1634 1550 5361 419
28 3815 4236 8969 8949 5999 2775 8410 9795 685 1307 8617 8294 5332 1829 2939 6998 3535 6387 5708 5891 3115 2669 9905 4884 192 8891 8514 7688
27 3511 4066 128 2736 5680 1133 173 6971 4264 7875 4021 1044 1621 7882 6350 9674 8186 5977 7825 9938 3626 8302 8515 4702 7553 9782 2149
27 666 9826 6046 2756 9263 9147 7201 3480 4831 5397 4153 527 6951 7739 5095 5485 2663 9480 5047 7497 1153 823 9886 7192 1288 1533 849
28 4398 7216 5511 3735 7769 7408 8239 7278 5861 7955 2867 1069 9739 1046 6175 9830 6628 2700 6788 2543 8229 50 8084 1981 6068 4353 1367 4901
28 7324 7708 7638 9559 4784 5525 2868 9880 4079 1096 3506 5818 781 918 2369 2581 6884 440 1480 9009 9275 1501 8308 3111 7413 6074 9645 4625
28 5482 3210 8934 5127 5456 7773 2391 9648 3715 1089 6210 6773 2833 6757 7853 8498 7999 2754 6691 5866 5339 9503 9342 8695 9828 8978 1954 9418
27 701 9213 9743 7244 6410 9097 9229 3830 1549 2320 753 359 2818 4602 6904 1469 887 6120 179 5271 5902 3578 4366 7463 4197 7934 977
28 4077 3482 7309 540 9627 53 7891 8076 848 8877 3606 3174 6601 8378 7184 775 6877 100 7241 1569 6109 11 1686 6784 3168 2481 5227 9741
27 8551 8835 2604 8324 6815 6304 1904 7163 1317 9842 5550 3127 9389 6338 4378 9469 7570 4359 3900 5961 963 3713 8567 4412 7729 2957 1508
27 1641 626 6765 7279 2768 8500 9898 3724 2595 5175 9964 8661 1879 8796 1122 2290 5672 4837 4606 2196 3572 2285 6011 806 3758 7978 531
28 9488 7487 417 2304 2395 4495 1160 6793 2624 7190 7802 9057 6728 3382 1171 7909 9419 3790 2112 7372 6642 5358 7287 2626 3406 3101 2215 9255
28 5062 23 4238 7864 9120 3716 4278 7598 8389 8211 1256 1723 5689 1744 2546 6453 3895 325 1291 1230 8809 1232 9819 9924 7970 9774 6157 7540
29 2038 9740 9591 9732 9702 7845 7572 6244 8645 204 3262 7400 4100 3543 3828 264 14 3359 2319 6394 7786 2356 3994 3752 2478 6377 9971 4767 9478
27 2417 5595 7752 1398 158 7361 6295 9006 373 4168 3975 7300 9672 6147 3605 6758 2307 5750 4554 9114 7902 4999 3527 7106 8024 5717 7907
26 5500 811 5185 4529 4628 1198 8264 5434 9973 4047 292 6388 157 7033 1511 255 3329 7083 4333 5888 8485 4222 6867 8959 5953 7559
28 6781 862 8710 598 9268 2519 7349 1194 1679 2799 8808 5770 8938 8255 7167 5737 2485 1780 7495 4876 7302 4462 735 3493 8164 467 6269 9481
28 2672 4397 6888 350 2253 9590 2622 5587 252 9203 7816 686 4295 1761 5006 5978 6396 4035 3248 3600 2347 6420 7998 4646 4682 3467 7608 3748
28 2717 3288 8434 4650 3524 7147 5867 1917 6559 8974 7761 9029 9300 8814 8124 7378 3043 4404 9337 6219 6662 9652 4038 218 573 5780 6955 2494
27 3123 766 9506 2350 5448 6452 2591 5390 6277 3228 3631 6025 2944 1461 6611 5487 536 9611 657 8361 1162 4012 737 4517 8501 1484 8805
28 2378 4474 9236 7161 2013 6580 3335 8263 9658 5659 199 2825 4425 3700 7199 8688 618 5957 4653 1510 9373 2089 8706 9020 8712 2911 9968 2719
29 3448 3827 2554 8003 9382 6876 6500 2771 425 1020 9970 3553 5428 9118 3271 3677 8867 5331 424 4513 6514 6855 8388 3559 8749 31 7008 6561 3143
28 1109 1312 8851 7351 2535 1257 4323 6369 2289 3648 718 2178 1244 6182 6414 7681 9513 2792 2164 342 2222 5025 186 3219 4271 8682 1559 3876
28 1386 8590 9470 8885 6351 706 8865 9183 8005 3069 1226 1292 4825 7532 9552 4258 5958 2910 2022 6894 6259 4810 9433 9221 892 3779 637 7568
27 2265 8447 5077 9219 7482 2058 1340 3780 6740 2835 7753 8899 3695 522 1054 6146 5399 7262 7095 4675 5872 3910 7457 9710 2357 6626 7471
28 9988 6671 4660 8049 6677 208 466 5302 5510 3545 1493 334 2004 664 4230 8599 1645 9867 1075 4154 9399 1443 5342 4666 6637 6404 6598 9577
28 8057 6770 2813 3350 8237 2221 385 2266 943 2654 5192 5694 5417 2500 8348 7515 1613 8313 4595 7780 7920 8287 1718 3239 3734 3349 4956 900
29 1577 6931 4067 7890 5086 4553 956 2247 8783 7135 2763 997 6206 4045 6502 2326 2432 7217 1565 4846 7548 8342 7073 3081 9112 5526 2371 3444 4329
30 45 2414 1468 1140 9385 5658 1604 1750 3489 9289 6084 3379 872 3834 9792 6228 3437 6726 7438 5123 3245 8473 5363 9608 2294 9865 5809 9723 4708 9770
27 1965 2090 8080 8624 2085 7865 572 6538 7045 5547 9087 4689 9458 3220 5443 2714 8757 1702 9512 4198 1155 783 6769 1800 8165 3404 8879
28 138 9498 915 8052 2343 5990 4486 2410 1028 7784 4431 7282 2877 2984 4776 9852 1403 5150 8868 3017 7904 5437 752 6838 6059 2189 3106 1793
29 654 2351 2836 5349 82 6481 3225 6446 1767 734 7407 4988 5282 1467 305 1783 2043 7808 7003 4670 8064 8738 1297 7717 2718 2828 5374 845 1911
29 4852 6980 8286 9224 8820 6464 9546 8911 2846 3813 1899 6456 8512 7258 2837 5731 2425 1741 7373 7874 2461 6455 5380 3459 6136 7726 8589 2157 5885
28 746 3181 4507 8841 2168 8681 3573 2853 4521 8150 9173 1585 8115 4420 3401 8051 8210 5692 9518 1335 890 4569 826 9524 8409 1295 2968 2678
28 570 8406 1924 1835 229 6844 8093 499 3018 9634 9368 8967 916 729 2982 4727 3805 5357 6505 4972 727 5715 6981 6713 9698 7817 7654 2480
28 4804 7639 2069 8464 3992 8108 8320 7393 902 1242 7209 9332 1303 4603 559 6698 7912 247 8331 6558 668 9603 695 894 7164 5678 6842 9354
27 7427 3247 6992 2971 1890 7430 6634 3420 5969 4542 3277 5289 3415 922 1413 8276 6400 8156 1901 5722 293 18 485 4615 5548 6496 1212
27 4322 9727 6595 1822 5005 768 9223 2574 1603 5403 161 9871 4930 1482 4414 3574 1073 6789 8580 921 3676 7666 5812 5559 2273 9109 5517
28 3363 6152 8781 4824 3009 7158 319 106 5090 4163 881 7958 1459 1188 3786 9564 5081 5498 6528 5929 7274 9691 661 9025 8077 2143 3059 3116
28 2822 3581 553 5537 5207 1961 6727 2450 6944 230 8391 1799 1698 7025 3063 4424 6376 884 5980 3788 9926 9225 3688 1594 2703 5609 7537 5065
29 8450 4107 8543 3921 7109 8910 4948 3040 8235 5821 5189 4774 4456 3368 1507 9232 4750 4054 1710 4879 8524 3230 4912 5624 1347 9148 24 2556 537
28 1434 5703 5952 7929 2293 4009 555 6057 8848 7390 1668 7108 8691 4343 2671 5827 3319 7410 7963 6349 2621 1586 2072 6251 2329 4674 6390 5269
29 7148 3775 191 9606 5400 6322 5683 2762 2728 2707 6364 5964 4696 2235 8109 169 5531 1950 8537 8403 3736 8357 6926 2434 2976 6159 9573 2016 2338
26 8346 3856 3312 5116 7485 9909 2136 6162 7580 2055 4882 6948 1847 639 1488 386 6039 2974 488 6391 614 1877 8117 3668 3202 5988
27 7914 4447 7251 2140 5308 4053 1854 7369 9994 7664 8153 9051 5451 376 5804 4819 4780 1058 6525 1922 6723 6541 6293 5936 166 1136 7886
28 4753 9538 7173 1756 8765 1639 4387 200 5028 1092 8907 3798 9845 914 7126 514 3184 8199 9644 2628 3726 5085 7505 6920 7951 3366 6942 6588
28 8099 9662 5903 1976 4400 5705 6551 8022 8322 7024 1189 1168 8769 2686 4862 917 3129 6905 8643 7634 4220 5710 4267 1538 2627 8582 1875 9510
28 7662 9243 8592 4217 2051 4082 8756 975 4444 363 4130 310 8248 9448 9707 7763 2564 2133 8459 3965 988 9377 6076 7544 5650 7837 2809 2367
30 5465 286 9747 2305 1080 9625 6566 679 1012 7202 472 1622 9993 2262 430 4723 1052 5924 1848 8171 508 3395 3032 8853 2454 1181 2385 4643 3080 3227
28 4065 9288 68 8733 3323 3118 8798 3182 9149 2280 7706 2389 4382 1914 8597 4538 5810 8367 4301 4939 9840 2117 3996 4746 9563 9071 7399 3634
29 7883 8205 271 9128 3139 4817 7691 6212 9781 8040 995 9780 403 3807 8489 5646 3499 1632 2029 1803 1332 160 880 1375 3196 3057 8619 8351 8311
28 962 9718 4807 5247 6445 7144 1677 662 6312 7835 715 584 9303 9367 1137 7558 1161 5212 3433 8086 6913 6342 6899 7683 5711 3120 3305 3554
29 7576 2496 3471 3598 1421 9907 3443 9272 7392 4885 525 6705 4914 7312 1498 5718 3978 6518 5651 9473 5338 1814 6517 3163 4531 41 7966 3422 2288
29 4141 9692 8492 7698 4777 3757 5166 7347 7748 7105 8258 9575 2355 8639 5152 7271 3047 5614 9706 463 154 2240 9496 195 4927 6929 6762 8945 9556
29 9321 7186 8678 7458 1608 2166 8417 760 5253 1555 3637 7672 1405 6024 1774 700 6106 1789 5060 9294 4668 7530 9879 8556 856 6506 145 6142 85
28 602 3628 5908 5387 6283 6822 8375 4621 4724 5568 8067 2857 2465 2645 1451 6841 2484 7425 9911 9271 7736 4209 1997 5582 1943 5280 2386 6511
28 3590 352 6890 1700 3405 2801 5228 3803 6230 4726 1158 8350 5108 8864 5191 4934 8217 6487 772 4142 139 1570 7048 7517 2523 7801 5551 8629
27 4974 6319 3051 3746 2555 4104 9989 5296 9870 4579 5533 9249 5817 9800 5214 6170 8702 2625 2192 6934 6158 2784 442 8782 7900 3381 4594
27 9714 3782 8027 4442 678 8711 7359 2470 1132 1849 2426 5852 3464 2882 2206 64 8684 591 935 1534 2619 7486 6688 516 9615 1001 6804
28 7937 846 7329 4 2841 7607 8532 5911 7304 9281 5124 2066 4090 6156 96 3971 6712 7127 9396 7669 506 7480 9032 6327 8484 4940 9768 592
30 6428 1660 5756 8431 9785 5182 1165 3090 1821 4446 5601 9952 6581 3981 6873 1664 5076 5806 842 4719 454 1384 8998 876 9523 8002 8776 8640 7747 9600
29 6197 1038 4503 2472 2906 4718 5619 150 4575 4641 9835 6252 5828 7792 7692 5746 2653 6725 8054 7051 7254 4427 5305 3112 2866 3197 8290 283 6090
28 13 5097 4088 667 9033 2701 4858 4273 5406 8483 6263 1889 7560 9135 568 5775 5394 4648 307 347 6923 3613 7857 8823 2094 9398 4556 2582
30 9111 5557 227 7219 6910 979 8257 9485 2027 1897 4792 9917 5169 567 9160 7035 4280 7750 5989 9922 6064 1090 7113 2655 4979 3208 2510 7261 5513 7899
29 5046 5613 7611 1614 3050 949 9055 1735 1839 4363 2030 7188 4992 861 6426 254 5447 6494 3007 9088 4234 1687 1500 8685 4138 8880 5375 2936 2518
29 1587 3492 3656 6003 2135 3238 1412 8577 7993 7651 5440 1880 2859 7663 4128 2872 7155 1973 1246 6604 6131 4024 9061 9620 9713 7166 4590 5365 7272
29 6198 750 3681 8875 5826 1575 4730 9745 6562 9339 9919 5963 4667 7620 1249 3137 6384 5252 923 2650 4211 9206 4036 5158 7121 4532 3589 764 7756
27 1566 7047 9635 130 1465 5210 7299 9583 5570 6708 4032 8616 9233 382 6439 3576 588 9730 4159 3749 708 5225 7618 6533 1655 4897 2217
29 6424 8394 5721 7552 4034 8584 6710 3103 1836 6630 7336 7267 9618 782 6483 274 7836 3293 1190 8795 3597 723 6241 6887 2214 5937 3985 4256 1627
28 4071 4246 8166 1772 8471 232 3001 9461 1326 6412 7071 6976 9490 4011 7075 6565 9077 2227 483 6987 4041 1989 5719 2328 486 7223 2099 9802
28 6808 1925 7115 3919 1267 4001 1547 3513 4341 8025 7522 1589 6646 831 2741 9323 9624 9726 2898 1463 8719 1328 1685 2533 6041 5960 9296 6301
27 660 7539 5564 1051 4123 7022 1342 1064 3176 8131 7863 8721 6114 2617 713 4328 381 8571 5034 5283 3980 2905 5337 5813 1022 9866 8887
28 152 8504 498 9804 8204 5318 5167 800 4174 1694 5309 9651 8384 8254 9823 6963 285 8198 7098 6034 5364 8962 2751 4877 5586 7852 2530 5208
28 1769 9157 656 1275 4622 9549 3804 2337 3777 1671 6171 8832 5905 7104 7363 3370 6302 8480 500 9516 7945 8474 1974 9170 6308 2516 2213 3107
29 9371 9248 7380 3462 1220 7721 8050 2738 720 2061 332 8191 4179 6337 57 6451 4623 8321 7314 9566 6831 7594 7498 8788 3940 8305 7926 4097 7690
28 8097 6488 1021 6363 3907 5360 5637 888 9436 7062 7032 1618 6809 2730 99 6530 4470 5495 2208 6568 8923 4403 3084 4297 7677 5372 9544 6216
30 3016 2996 9942 1205 3306 4152 4030 2129 901 4900 4262 8859 7429 1483 9902 7018 9810 955 444 8608 2742 8467 8127 8811 3614 9863 3962 2532 6546 7649
29 4960 280 5324 7894 3 8884 6816 6359 4545 6567 4140 642 9222 7612 7491 2125 4656 354 7961 3751 3787 7818 2545 1454 9134 8272 7123 3555 2507
28 6392 27 1842 7922 780 1681 6411 2774 9044 1427 878 1206 1934 2811 6772 6134 6714 2806 8016 8098 2605 146 2729 4608 1939 6881 8387 7348
28 1572 596 6294 5751 1737 7957 1203 8718 4348 3340 6609 8222 6386 7290 2348 2757 4509 1584 3718 776 7193 3133 6139 889 6360 2119 6149 3386
29 5919 7781 7031 5815 3367 8046 6105 7840 4190 2511 2629 545 2495 8509 1458 2015 1050 8587 2131 2449 1513 7169 6273 7453 1404 6988 6094 5851 6202
30 6950 4349 1805 7969 4715 8697 5693 184 794 7468 6037 4281 798 1490 5839 1636 3343 7889 9465 4861 2515 4709 2575 372 3510 2311 3451 1672 5991 1154
28 3423 7297 5934 5997 7232 7621 6299 435 4630 8123 9771 3392 564 3629 6716 9355 9011 9553 4860 6193 6608 4537 1311 6431 1762 2067 4526 3642
28 2805 2713 416 8778 7986 1217 606 4734 194 5687 2943 8755 5080 5330 270 1383 649 3378 8869 9234 8430 9569 7972 6818 5032 5774 126 2388
27 1048 8339 9492 5128 6516 2992 1009 3984 9854 3508 7387 9750 5219 5135 66 7630 5899 1624 8705 6880 7452 8188 3687 7858 2544 8583 496
29 4052 8128 6461 7648 1429 8418 3917 3439 4799 5763 8668 1564 3982 249 7298 1830 3961 6353 9174 9676 5087 7444 3823 8838 6086 7396 7804 8092 5273
28 4466 9887 1807 7516 3702 7679 9407 2687 7680 5068 9910 933 3284 1661 3463 4614 5205 1743 7325 3933 8635 9348 6797 5725 4841 3008 7718 63
27 3153 6154 8565 9956 3744 5 851 1167 4229 6185 1215 9179 6272 7058 982 6861 5493 8429 438 8735 6903 607 5359 1509 8195 2925 7534
29 6229 4805 7475 6889 9640 3836 7061 484 87 7419 1724 3721 345 1029 5202 4112 1537 2899 1619 6346 4308 897 10 3729 7746 5491 1678 6480 6051
28 5371 2198 1285 7724 5181 5542 4722 8478 7916 9274 3364 7983 2416 7682 8135 3939 2200 5415 3690 7226 8881 3627 464 2938 8731 5489 2267 6906
28 1141 5388 6151 69 9967 4355 1592 6652 1810 7455 2735 9247 5890 1929 5504 1894 2951 3376 3276 5431 9142 5762 7687 5016 6745 3663 3062 7187
28 9189 5467 1067 3932 5585 9963 1487 7296 4044 6097 2373 5998 5063 7623 7656 5026 6512 2026 1043 8930 7266 3165 3838 859 7050 2789 3403 4678
29 7426 8896 3630 3201 7543 9719 5912 6286 9324 3388 9921 6224 7237 3502 4551 6837 8497 6288 6775 1940 4216 1274 8789 4255 1518 2776 6883 3472 470
28 934 2550 4765 6258 7867 4408 8006 8873 4145 51 5592 76 4599 6996 9344 9794 7437 9156 5458 2787 4755 2160 1930 1396 9164 2969 212 6627
29 8946 9031 3460 4327 3177 5783 1414 7541 3770 8493 8760 2474 5290 6908 337 6545 2364 3325 3776 4770 329 3538 699 7868 7616 9778 9505 869 9212
29 6042 3720 9695 6402 4455 3266 9242 7467 1306 1032 6225 2647 3635 8038 5947 7069 3740 4847 524 7398 1476 2764 8427 4790 8779 2819 1486 6513 6806
29 4189 2086 2954 6092 9397 8421 2609 5177 2562 4929 8369 4873 5847 5427 9177 1114 7221 5389 4357 864 3966 1982 5981 8606 1305 5430 8743 1268 5211
30 1574 2297 1491 3099 4186 8966 8746 2242 3195 1871 1680 7195 3310 8775 1494 234 1876 2945 6739 3549 6896 4920 8411 3374 1995 8736 2501 4461 2668 694
29 9435 159 7871 3914 3150 9629 2840 2531 5274 5838 5429 9412 5405 924 5122 3211 6851 335 6045 3089 4982 7293 5518 6289 1682 5466 2716 8240 1637
28 9888 1573 7015 3149 8261 4175 489 541 2194 5700 3742 9793 3020 799 1838 8942 112 650 1955 5194 6641 142 4362 149 7508 6798 4516 9343
28 7584 9443 8399 8625 3331 4587 473 9380 261 2646 4941 8437 8666 4748 4167 7499 1346 7578 3252 2733 1617 1966 5120 5402 2514 6823 7066 9982
28 2995 8184 5245 6250 4560 7667 2018 9892 2983 3683 257 8878 2780 7740 5581 8355 2466 8414 5554 4439 7627 7182 5558 7583 5261 796 7004 4875
29 3187 1752 3534 5669 1124 3283 2295 7513 1149 4413 1074 4401 3416 3251 2615 4421 3639 985 7943 1649 5165 3593 4485 374 8343 882 6633 4635 7417
29 78 1191 9202 4535 8193 795 8913 2794 9851 1676 3546 6999 5497 6176 9060 6220 6078 7353 6759 6736 6023 3924 8888 8985 1580 6704 2008 1345 9941
29 102 2698 5984 6655 1325 304 3731 8968 927 7078 6268 546 8813 855 1308 361 4800 4085 4187 3550 1334 4744 7892 732 3943 2834 7319 9410 9914
28 2851 3209 4568 3519 676 3122 9955 9762 1602 6666 2928 1003 6721 4226 6629 8087 9653 7357 5923 1945 3526 9364 3841 8219 7478 7371 7178 7162
29 6975 8121 1746 9459 9836 1795 2138 4231 3520 3912 8206 2924 9677 6018 7288 512 1496 2216 8804 7624 8825 1703 114 8510 8554 2308 3083 1106 9969
28 9014 7175 8952 6509 9428 4788 7878 9186 4500 7473 1045 8448 3449 3054 7924 7673 5464 6967 1757 1775 366 6771 5091 4367 3710 7435 2594 4712
30 4935 7511 7496 3322 9754 1969 590 9622 4385 5277 1431 2651 7432 4985 7962 2464 7124 4051 7585 9779 8525 7599 6116 9193 692 2054 9687 7474 5836 7234
30 207 3929 4751 2769 2815 5654 5348 8620 9457 9499 5023 5304 2148 4919 9256 7171 7159 4557 6417 4853 8662 7420 9369 5155 4850 3214 7810 6028 5050 5561
28 8995 5944 8134 8547 4200 1283 2096 6874 3215 2286 38 5488 8482 1968 623 9507 4244 755 9875 9000 1475 5190 4039 8810 3760 1255 7806 8799
29 6423 5383 8740 2876 9076 3275 8727 4550 2233 5100 8147 7525 6367 3321 2800 6448 3073 7248 4812 3255 7504 5089 7301 4908 8637 9535 4058 9838 7492
29 175 8961 4994 3005 9273 5436 8924 2334 7660 2919 6697 8505 2699 6811 9217 7893 7196 7500 8866 3638 7067 433 6370 2865 5408 251 4735 5257 1773
29 4078 4922 1531 9352 5968 2236 9467 4642 6750 6690 5584 3563 2121 9261 7233 6166 2798 226 3621 3566 9319 7263 3483 4721 5985 9045 2400 6969 4789
29 9159 3104 9257 4318 1059 5945 343 6437 3429 2892 5055 3494 2184 1544 2761 1392 8860 6079 3327 7168 5469 786 2421 828 8032 8660 4827 9403 9837
30 7418 377 328 3333 1175 4018 4942 3297 4205 8700 7743 3892 6449 3360 7809 9299 8168 101 507 1656 19 4206 3206 4342 6659 105 860 5928 7153 3595
29 3387 6897 1712 3679 1422 5251 7842 5670 8581 9531 4679 4504 6814 7846 4161 1517 3599 5741 6526 7710 3357 346 2443 808 4042 1115 4237 5897 8395
28 9049 1942 8170 6970 3518 294 8178 7227 7869 7670 8253 8335 109 58 693 7212 1088 1231 9085 2458 4029 2588 5599 8522 7107 1079 5930 6576
29 8220 3704 910 2244 6563 1913 4514 9395 5159 3320 1526 5083 6368 9279 2010 6380 1918 2447 7428 4786 3789 9684 8252 6619 4571 6052 9383 4965 1363
28 6096 4574 330 9304 8234 504 6221 2950 437 2955 7131 2116 832 4813 7044 6521 2309 4056 9897 7547 9775 9610 2612 3351 8100 8918 5877 7936
30 9168 1539 5528 4802 2860 8549 9831 4282 2797 9425 1039 4460 1867 7007 3974 5072 4676 2695 9426 7285 2827 5788 8163 7197 8802 3930 2105 1916 1551 9700
28 42 275 5555 6117 5244 3755 7464 4692 2525 8912 9067 4290 9216 4546 8901 3458 4740 3594 2473 8457 6031 9305 459 640 616 5092 3901 711
30 5014 8472 3701 6032 338 7086 6395 8377 5343 3774 5951 1163 5200 5450 8621 2193 8960 4645 7628 5103 4928 6070 8951 5589 2063 717 8830 5845 265 4964
28 6261 724 1691 544 9811 2966 221 630 1525 565 2078 7935 4379 7118 1905 3853 1673 6050 7433 5099 458 9259 7512 8955 5805 321 5779 124
29 9413 773 3899 8745 5226 6657 2782 8920 9660 6256 1861 2412 8231 9501 3175 8578 1047 3884 2988 6589 1008 9744 3977 2991 3859 5398 5970 3334 8636
28 1808 3452 6640 7253 5598 5051 5201 7768 5878 4396 5906 5480 7370 6701 7114 1416 2224 583 7023 4405 1026 1072 1912 3424 9582 8658 6371 9643
29 3875 8948 7014 7481 663 4739 1131 9439 8154 3785 1233 3058 9218 7150 539 9609 3301 2292 1623 4763 4429 5414 4075 9335 2618 2170 937 1399 8114
30 8424 7179 6265 5153 7295 5020 1076 8791 7317 9220 5382 9127 4002 1097 2413 2869 8200 2327 3408 3414 7685 3270 1646 9198 37 4688 5787 1327 2007 6422
29 7653 1492 6200 4937 6102 2746 7406 8897 4874 8238 2068 3515 9228 2743 8329 9570 4106 2229 7964 9746 4528 2476 3154 9766 3717 2345 1991 6656 6148
28 8786 7337 7397 3324 8540 2352 5499 8454 4465 2001 5119 452 8413 3241 1721 8560 8031 5590 3085 759 260 797 9849 1978 7542 9113 2850 7775
29 577 8730 9200 6234 3455 6554 5125 3558 6300 9737 4898 8284 7056 2682 1358 7172 5880 2333 2602 7646 4245 3739 7501 4733 2095 439 3697 4866 3436
29 3922 994 1704 3659 9384 5313 1674 3858 6473 4559 2260 5106 7589 4578 4120 6282 9040 5628 8271 3732 5871 8676 5011 5286 8520 9900 491 2781 5033
30 1999 1387 1556 8717 6237 7715 4313 7915 8812 5502 2243 7906 1742 8278 7112 7102 1536 8758 2886 2997 7507 9541 3087 3699 5521 8845 4380 788 8180 7326
30 3709 9038 5136 3618 7323 4084 5126 8831 5556 266 1269 5036 4375 4132 2903 5732 4815 4893 2128 4826 2696 3617 8521 4426 3948 5459 3457 953 6061 7364
28 1813 8383 9568 4917 4195 4181 5857 4478 9491 9308 5059 4657 9497 5691 1103 5577 3418 9981 9144 4899 136 3221 9950 818 6532 9293 836 7774
29 3766 4303 4773 1520 1178 6794 9665 6205 793 2183 5311 9821 228 2404 3889 8990 7737 4654 7762 6549 364 6679 8742 3450 7791 1446 4422 8631 9895
28 3831 5535 5653 3694 2430 3292 8754 3619 1802 5012 7257 2153 4092 406 9796 6968 6768 4299 3945 104 4013 5019 1874 6916 7856 7997 5410 1648
29 9180 474 2330 6155 9454 4314 6341 3203 9084 9270 6069 2891 9007 2589 1401 2151 6607 4406 4143 6777 6803 8030 9486 7019 3946 8987 287 8360 7641
30 2586 2765 5209 6493 1554 6123 3949 5850 8517 3167 2909 7039 5018 3849 4098 8871 2979 830 9567 2726 8822 9834 1953 2978 8535 9805 4947 7174 8683 4275
29 3353 6557 1956 1148 1049 4165 5224 4828 6919 7597 1749 8815 2878 8185 5230 5956 645 7181 3822 9532 2880 1455 5649 2383 7730 9023 4548 6974 75
30 3440 1415 446 1675 8074 2873 703 4377 3100 1007 6357 4440 3147 6063 3941 3495 9119 299 840 7283 4464 1755 4283 7619 5677 77 7968 4512 5562 4188
29 4119 4494 281 4006 3620 6520 2106 0 8441 9153 8652 7811 9187 6137 9959 4148 6991 8133 4202 1850 6107 5250 8323 2962 8559 587 8187 6732 2254
29 4523 816 4951 5881 1024 9980 3537 4673 4048 8528 7709 7767 2946 3686 7973 6450 9122 8972 4596 646 5078 9102 885 2374 6478 5386 852 1522 5486
29 1579 6668 3772 874 432 1515 4183 8679 8793 3086 3608 7423 9466 5782 4633 2185 4700 4310 1213 3714 28 7451 5217 3426 2990 731 3816 3957 6017
28 3491 2607 5197 7384 4710 3851 3300 2489 2937 6860 5350 2935 8956 5073 3477 3672 6180 6946 9626 847 2361 8209 298 7734 3909 9080 2380 7533
27 3216 6543 5475 477 8530 171 899 6902 1127 3865 5603 6354 3134 8426 7586 1439 9893 5640 7479 9226 8354 9859 2796 8708 3906 2985 3808
28 9601 8653 5966 4957 421 605 8176 7441 1730 4483 5366 3315 2539 2977 9381 318 7626 8041 1823 3792 7686 267 4336 8777 1119 5471 2467 8096
30 3873 5130 7439 7449 7579 7180 7087 3528 8349 3887 8988 9529 3955 2080 9824 3514 611 4149 4836 2723 348 6095 7145 2856 5017 517 4274 2031 2956 3708
28 8544 1143 8870 9930 9095 1588 2710 5506 2403 6276 5314 8296 8337 9464 866 1866 2889 716 5655 4886 9341 9331 5234 8527 5196 2907 4923 2791
30 8858 5837 4259 479 291 9096 8281 5218 9619 789 5474 7328 8144 9833 1418 1719 4839 4232 471 6939 4499 4731 8280 2199 6782 7281 3355 5621 6133 2980
29 9581 1824 9336 4458 9129 7177 3267 6167 5512 3304 9420 4519 1960 8371 2560 9252 2658 5287 1941 9701 5267 9519 9379 6661 2046 1227 9991 4775 7460
28 8078 8364 8850 5632 5117 7974 1243 6274 5802 8466 8889 3453 8686 6544 9716 6111 9021 8420 5572 3999 7565 9013 6239 8542 1316 9474 4502 6730
30 306 7613 3937 9755 2767 9761 4302 8365 8828 8486 9363 1548 8824 225 5048 7831 8610 3799 302 9266 8161 6937 9245 3469 9301 5515 20 5734 1473 6865
27 3155 1846 810 4909 2930 8991 3079 6615 1081 8330 5404 7949 9455 4365 1840 3571 1652 148 6401 3691 8104 2360 181 2088 7861 1653 8009
29 8044 3025 2152 1410 7367 9322 6049 7110 9362 2832 4997 2590 5811 2390 1936 4351 6786 2110 5385 6127 3342 1355 3591 3257 6141 9642 8225 9918 4331
30 7277 1831 8903 2399 3954 1659 5368 4969 3821 2788 4334 9839 7377 2852 6508 6418 2287 6204 4103 4787 5444 3935 7454 3022 1061 2248 2712 5859 1350 7911
30 4182 9589 7183 2963 5829 6292 675 3170 1895 3212 8602 2808 8659 3879 8149 8550 6930 5295 5773 2592 1296 7085 520 2437 2926 7518 2959 2075 5204 519
30 7782 1130 5195 9933 4966 9115 163 5580 1174 5278 6715 6918 5291 2900 339 2342 2475 6807 1240 2271 9807 1356 6108 2566 9686 7094 4346 4257 5042 697
28 1408 8183 3972 2228 4386 785 132 5157 743 1532 4124 7824 7941 133 1885 5114 4027 8847 7064 6247 2831 29 5184 4320 6921 9916 8132 2630
28 586 4671 4170 429 9123 8766 971 93 177 5704 1643 9728 1935 710 2759 9877 1886 5003 3737 8692 3564 622 8160 8363 2709 7731 2895 8964
28 4115 3179 6857 7191 1776 589 6859 7356 5369 5407 3925 9703 5611 8334 1667 6438 5239 6326 7208 9965 1200 6089 8633 2964 547 501 6947 1778
28 7674 1359 3027 2469 4476 9915 2608 2021 8004 7291 7122 741 8538 1642 8341 3470 52 3885 8056 5362 9843 4620 9948 6907 1937 4518 9188 1177
29 3592 1512 9441 3560 3442 6767 2468 9406 5887 1370 8944 1309 5442 1650 1352 1063 3662 1906 5617 4894 7797 728 8014 1527 2927 6153 6266 5915 1185
30 8980 5326 528 5377 6620 6444 4252 8111 9533 4194 5133 8573 2548 9655 6684 4779 4477 418 7365 8626 9614 8021 1843 3023 3438 3588 8516 4683 4345 6413
29 5959 6021 6245 8120 7116 7728 4703 1944 6236 9883 991 2502 55 7043 1142 3897 7206 7813 6527 4441 4491 3874 8456 4783 3661 2749 5507 8216 2611
30 1826 2847 7695 5553 7742 919 5052 6686 243 5355 7409 4564 2408 5840 1892 3674 4129 9596 9528 6863 6571 1157 7657 4409 1108 1812 2572 8986 4585 8696
29 9351 9246 5973 1860 6374 5868 7719 250 8251 9885 8511 6707 8861 4749 947 2278 56 9671 608 5625 7034 7567 7977 1790 3547 103 6524 4419 5107
30 327 5673 2793 7581 7976 9708 7375 2238 2917 3532 3336 8008 8536 6665 1135 9876 4240 2181 4389 5139 7211 5663 217 1005 4593 4936 4695 7772 2804 7577
30 6570 7566 1330 4279 8936 6868 6826 4950 9808 5879 4857 2122 6882 5848 9002 3920 5662 6009 538 2344 1180 6834 3990 5300 9124 9517 4954 8774 1235 7010
29 681 9446 1768 2 2048 2144 8293 9585 1433 3678 9690 4533 2520 3010 4598 9421 999 9046 2453 97 2816 9682 6858 7342 2731 4981 9358 5284 3399
29 3249 7205 7569 7331 7575 1923 8970 3587 4193 6344 2097 1329 3839 3778 1452 3888 9197 9140 5236 8113 4711 1388 7339 4326 8043 8981 1105 7322 6246
30 9106 688 8971 1036 3582 873 5610 6128 9725 8627 9818 8623 67 3303 8279 5842 2315 1858 3824 2045 3475 2180 4173 7101 6077 3649 3583 578 3870 1445
30 8141 1833 6578 4214 3612 5860 792 3486 1882 1120 413 3603 9855 1962 7696 7844 4072 4033 9776 244 5111 1528 4971 1031 1337 4196 4619 8236 2249 4977
29 8232 8669 8177 6416 7699 1380 8726 5424 3745 6675 3144 4732 8611 3622 8142 9359 86 4525 5631 8379 176 1605 3673 2553 8770 8068 5948 6217 2565
29 5832 3171 6778 2195 1985 3881 513 2613 2843 5749 1557 1919 6486 7344 9390 6226 5037 595 2402 5630 1696 5735 8763 5702 3938 6358 3664 5029 6405
31 5588 2517 2785 6928 2145 2633 2101 8201 4524 7931 323 2522 301 9906 6298 5800 7238 388 6850 9487 5931 9269 3497 9449 4265 8174 8979 4561 1638 9607 5921
30 7678 5801 9460 3316 9612 309 62 5433 8256 5074 1218 1000 4823 2577 6484 2970 6075 2740 762 8259 5061 1343 4563 8905 7440 2269 4026 3931 6680 7652
29 6507 4501 9584 6871 6790 6421 1055 1151 4185 2176 8358 9908 8892 6082 2056 2739 758 7676 9534 6054 495 867 3307 6774 7595 5275 390 9018 2783
29 9392 4634 1339 4239 4607 3680 970 939 7316 111 7942 9502 8591 3393 3461 492 2972 8900 72 8397 1949 6592 5381 4705 6201 2779 4698 5481 2587
30 7138 804 523 5938 6756 5423 3318 7526 7240 358 4062 2052 9116 2790 1873 7265 9312 7803 4738 3222 6140 7255 3523 712 8836 1281 1975 5161 7593 2155
30 719 8502 8432 9787 5534 4629 5671 9315 8506 4588 1082 7284 4515 1280 5093 3180 9264 3109 8491 535 1561 5933 9306 9977 2559 1765 7089 3826 8898 4087
29 8598 9194 7395 5134 4050 7436 3783 3854 5053 1883 7305 300 8605 877 5972 6048 9387 6649 3244 9946 2688 6144 3521 2302 4584 6181 8011 6542 8392
29 820 1595 5213 3476 7416 8663 4307 7489 4017 1693 4497 2656 5259 6892 1409 4113 2419 1336 4451 9521 1077 284 5709 7052 5391 5276 8298 1315 4347
28 2849 2191 5149 1014 273 6504 1994 7028 1485 2947 7243 7213 1489 8925 7953 1598 8226 4534 4399 9171 8405 1827 4155 3842 4995 7029 9650 1993
29 4967 9445 3693 9522 3866 3164 1373 402 1888 5146 7415 6914 2643 239 8015 3723 8982 3231 1684 5602 2035 3053 9101 2491 7604 8895 120 503 582
30 3636 8246 188 2940 653 7286 7538 1932 5401 3254 594 7275 4952 858 125 3096 3250 6306 2070 1903 9944 1159 1979 8010 9181 1237 5569 3308 8548 3375
28 9191 3240 8366 7979 3264 2747 8992 33 3243 6160 6800 6590 4658 7549 6006 669 8996 1581 7732 9230 5626 3864 6583 7601 2203 5285 8402 4821
30 295 90 554 2858 1053 5144 6622 5010 8641 1118 4665 6927 8939 9414 5220 1457 4955 7881 2684 5853 9386 2002 8449 3995 2065 7923 396 8270 6663 6014
29 2600 4662 8073 9019 9190 7381 2918 5396 5757 4158 8894 2986 6510 5993 1662 2508 1828 4321 4572 3445 827 542 8169 455 6660 3148 6332 4111 5193
30 7320 6257 182 7120 3396 4655 4304 5188 2744 5439 8289 8917 1002 5352 4511 8807 5540 2219 3820 1732 9641 3761 8729 1481 8045 1834 843 4998 1665 4576
29 3660 5955 3128 8503 3953 1260 4887 43 6854 2960 5508 868 4316 6780 5909 604 2130 1156 3728 8703 401 7250 9602 6103 1209 5747 3024 7270 2681
29 9141 8545 1040 747 3762 4391 1095 4350 36 1310 1423 7352 911 9043 1963 7615 7622 8034 2420 1884 2366 9210 1447 948 3014 8953 3218 7655 4916
29 8103 3384 3258 1862 6748 8615 7185 2637 4672 356 6188 8245 7059 5118 6291 6696 6539 3013 478 6734 165 9265 7204 942 6324 4820 6271 5007 960
30 4114 1599 3833 665 9966 952 73 6267 3299 4457 4272 5064 5347 8332 4829 1070 8759 5484 2113 326 742 6297 7092 5785 8088 3369 6169 2487 1851 7341
29 5254 2766 2000 8890 4910 238 8012 6817 5168 1792 5509 1908 5830 6735 5075 9673 193 5884 9509 8303 4781 767 2074 4468 9277 7991 8596 7903 1596
29 2584 929 5771 2693 2614 2147 7016 8790 2674 8398 5142 1435 6454 5411 6457 153 938 4843 8155 6792 6020 6019 5753 6501 9572 6356 990 7631 2810
30 2223 2156 3119 8481 7026 4834 2677 2673 6361 7483 7374 972 7766 8035 3199 9996 9598 9683 3125 8984 9711 155 9605 8929 5764 2505 8060 1150 6647 4131
30 9145 8698 4989 7358 2003 3898 6016 4795 6409 8469 313 2062 2020 9158 6406 2845 8908 5539 9647 5986 4806 4626 8359 7055 1374 44 427 8487 9697 819
29 2870 7794 2890 8586 7151 3610 9356 2536 22 1219 8013 4374 1172 8352 7346 6072 2034 461 6678 2490 8452 5004 9205 9201 6943 1428 1323 6587 3810
29 8172 4980 457 3044 5333 7992 8526 4566 8541 6472 9720 4591 92 2973 475 6644 9427 2087 5927 3012 1987 423 5873 7523 9353 3311 9438 3857 5738
30 6056 3756 4166 5545 1863 2049 1282 4358 1725 7703 4040 9593 123 4601 2171 9595 379 2411 1338 1563 6004 4073 2579 2483 978 4291 4352 4714 4014 6491
30 7851 957 2874 5112 1197 3347 1521 209 5748 1304 7847 2050 1319 259 5833 3108 9757 5541 7823 1471 6270 1324 6733 8852 9291 2264 497 2915 7422 6835
28 3060 9561 7402 4896 4249 8575 7910 8673 3711 6329 4201 6460 8435 9185 5346 9098 4555 2174 5605 7971 5995 6579 6335 3015 7930 368 3918 3517
29 6430 6982 551 1590 60 6348 6618 4394 3192 9733 2802 3146 8844 1701 5720 2225 3512 324 8563 8 6700 4849 4449 857 4459 7090 8928 6952 4644
30 9822 3265 2795 1066 8083 2664 2167 6676 4745 3500 7812 3743 8857 8855 198 2220 214 8999 9262 6958 3077 9663 5814 5316 6569 5864 7156 5317 8268 5690
30 6885 3877 6729 144 3373 3412 8381 3556 5862 4527 5597 8047 5766 8826 6345 6624 1571 5001 1578 6307 5754 6243 4484 9813 1378 9912 7789 2620 6088 2423
29 7849 5147 8125 3385 5566 8714 8594 9456 9310 8638 8689 4990 3454 6993 3377 8882 8288 5688 7510 774 5494 4772 5088 8393 2721 9476 5849 3956 7555
29 3425 3832 6600 2715 2965 4636 393 4472 5176 4864 21 7082 7554 387 6253 6433 7888 1013 7079 8674 9137 5684 9318 9637 7125 6305 1727 4037 1766
29 4904 9688 5069 40 6973 5896 6779 5138 2435 4889 4520 4223 5768 9280 4160 1726 9617 2111 17 4618 3915 7057 770 8772 5819 8110 8416 9786 6135
29 3183 2091 7787 8400 2570 3291 6753 8569 4454 3130 1852 9012 1747 1261 7146 3657 9560 1224 6853 5335 1722 8136 898 4510 8146 8893 5736 8470 9138
31 3190 4581 9913 502 6407 1907 784 4975 9182 2961 9126 3110 5699 7340 8446 5820 6321 449 3890 1845 9801 2277 315 6465 4108 262 8244 4592 5635 7947 647
29 7643 1568 3911 3987 906 721 2359 7117 2142 290 203 6651 4428 6878 3609 7013 2312 9551 1591 4863 5743 4242 9903 5615 1393 3289 3468 7165 6207
29 6440 4469 6425 5740 961 3707 4983 6519 1440 8036 4263 4888 4544 2382 7001 2114 8490 3400 4482 2118 6685 562 4445 9108 2197 6833 9030 1027 9163
30 187 6330 6497 1186 9632 7528 4867 91 4251 3185 2538 9976 7345 7838 8390 2683 5943 1977 1033 7350 4778 6118 242 9167 714 6002 4224 2670 6898 3232
29 9053 4260 8654 3640 3763 5520 9489 3205 8423 2415 4292 4443 6098 1952 1170 2077 7700 8720 9162 5179 8181 2438 2162 25 1626 2706 4793 5418 9604
29 9058 2648 9366 6475 4480 1241 9391 2644 6738 2542 2558 6033 3434 3124 603 7099 4335 8667 9070 8839 6132 4932 2363 1811 2398 5633 9452 6038 5707
30 6130 5160 1060 5113 5895 5574 908 2770 2409 9853 974 1104 353 3290 1321 8915 2032 9050 3204 5131 8138 6383 9638 1506 1112 8672 9679 6397 282 2406
31 389 5325 726 8356 2396 6922 7259 164 7561 9554 7097 360 8562 8665 3893 3028 4213 9292 2727 3596 490 3372 2641 7827 5765 88 2844 3607 9388 4063 2103
29 5455 8404 4390 1670 2042 3764 1430 5351 5742 5496 8655 8260 5292 5854 2204 8780 407 9471 8827 9239 6373 7391 4121 632 6761 9894 9094 3913 8694
29 3516 1030 256 3781 1558 4393 8564 117 2477 1083 2513 4127 322 412 5027 9666 8242 6466 6058 1733 748 8508 6917 2884 4905 6013 4872 1697 5044
29 691 4759 4122 9891 1600 8937 5079 3604 6553 5976 6531 9857 2705 1056 6836 9729 9409 613 355 1748 3140 7469 8451 4270 7332 453 7843 7697 7049
30 7318 6227 7494 1113 4717 6177 3733 2439 4089 8840 893 3402 2610 71 8963 557 3525 7898 3602 1625 279 2081 4859 2284 2177 1279 3041 4890 4254 7887
28 2150 1938 4060 8797 3259 684 1300 134 141 7745 4684 2120 7072 989 3684 1173 3004 3371 4686 8301 7017 7658 7714 1287 9041 9463 119 5240
29 3883 3860 6879 487 3844 8439 2569 3272 3934 9314 4958 7925 8347 4430 3390 9923 9681 2593 1611 6195 5164 579 5452 5575 4061 6503 5667 7294 7063
31 8725 9054 3878 4068 2755 5724 2053 3741 8292 9949 2552 8677 7076 7990 5367 3446 3896 4814 8310 3880 2598 2750 725 4324 2079 2250 5527 4895 6320 3529 5255
30 9738 2163 1893 336 3172 9150 289 3033 1784 4589 465 9035 636 9434 9334 6742 6432 222 6343 2941 9432 7749 8748 9539 9022 9759 172 3030 9724 4171
31 9832 7080 625 7793 9646 1560 8693 4530 7944 3904 5769 7462 2547 3817 1948 3585 6398 2283 8139 2488 976 6381 3793 206 4296 2778 4984 7741 8353 9860 1635
30 2368 8579 8386 9685 9079 6995 3332 1593 9350 6550 925 4204 4019 7830 3771 6026 4312 6223 3960 9345 1970 8048 2159 3002 6 2691 6012 6435 9882 5723
29 4467 4830 2335 1139 3811 5416 3722 1238 6978 8182 3166 9090 2826 7989 3065 6670 9400 9659 7848 1006 9578 9402 6355 441 651 5950 8574 1791 7456
30 9861 9764 9104 4099 8053 4286 1138 7054 2541 8874 7876 7466 5000 709 6945 751 1382 7546 6724 8291 1084 6067 4968 1318 6248 7411 4580 5844 3872 202
29 5604 482 6610 2205 5855 5066 5058 6752 5312 576 2028 2040 1933 3730 1771 5373 1057 1763 7635 7582 8570 4558 5932 113 1576 6447 1801 9847 2084
29 2758 9440 4757 896 5258 9721 6427 1302 2039 4638 4293 8145 9769 9763 2251 7758 5056 1502 631 6870 2773 8202 6593 5946 8803 2737 8784 9404 7527
30 5876 9960 7946 6664 3126 5082 740 3326 4117 4055 1683 4818 4266 1262 6749 48 7779 6104 7143 7573 5641 1478 8065 932 8747 7770 3207 7470 9873 1289
30 1711 7855 8927 5129 2141 4933 81 9235 6218 8904 790 4945 2188 5869 6044 6692 802 2692 5419 7684 3916 2932 6290 1900 9065 2537 1071 4791 6179 4361
29 6812 6791 4632 9699 3417 8266 2838 1258 980 2722 9375 3035 258 5438 1314 2549 2888 9295 9709 6232 3000 4536 5243 7220 399 7280 3979 7424 3048
29 156 2563 3533 8513 8438 2323 6379 1004 9172 739 4095 5647 3490 4547 4180 2981 2527 4125 2975 9530 7506 8091 3309 8622 6022 749 3328 1313 9827
30 1179 7132 7096 6819 3268 8162 5229 4069 2232 4004 619 1349 4028 3314 3923 643 4332 5479 414 7040 5778 7940 5143 6254 2883 7119 7738 9748 7854 8618
30 2440 8299 534 3383 16 462 1441 6990 9437 4562 8593 8215 644 2606 7321 4368 5695 2821 3113 1720 5636 4269 3338 7905 2732 4961 9099 769 6498 4871
30 6613 3198 2332 3643 5483 2914 3186 5863 8553 6328 110 5578 4869 3121 2724 213 1535 3567 1781 9928 6035 2861 5607 2503 1633 1957 638 556 2585 9799
31 3039 8372 5041 5914 9052 3391 6966 6658 4809 9451 2071 8499 7939 4906 3136 8436 278 7795 2407 3754 6087 6529 5656 7665 9508 3848 8247 3601 3719 1503 7134
28 5266 8546 5941 928 6275 2339 9540 5784 4025 1971 6989 7531 6378 7860 6375 6540 633 756 7447 3485 5623 2934 7967 197 79 9586 7921 2528
30 5679 3042 7382 1196 2512 6150 1562 3847 9477 1420 670 1872 6318 2913 5024 7509 895 815 4838 398 1286 6043 945 7862 1497 1479 730 574 2431 6121
30 9475 9594 6683 2557 968 627 9773 9961 996 530 5523 7472 6287 8821 2354 844 7053 8764 1495 2270 4604 5676 9313 7933 3066 1449 2448 451 6240 5644
30 8854 6956 5967 3260 6983 7603 6262 4221 2433 2281 1248 7503 1023 3456 9 7587 2187 6621 5098 370 1101 6605 1381 6281 983 2211 4913 9829 9431 8385
29 7245 2830 4701 6699 1964 6556 7870 9753 3544 871 1688 7334 5834 3011 6399 4669 2708 8319 4305 6682 4233 3223 7389 3224 1786 9001 1369 8768 7260
28 5634 2381 314 9251 7442 1264 5796 3644 8000 2989 3794 1402 5198 231 4277 958 2697 2660 9597 9028 5328 7600 6040 7705 8750 3970 9995 7021
30 4172 5645 4797 5156 8950 5713 9537 883 3905 3784 1011 9089 8801 6429 3568 8475 8295 904 1450 6900 7160 4102 8428 5341 814 6709 6667 8585 2901 9958
31 8033 6340 1204 5889 6463 2037 357 6766 941 5376 3341 9442 4822 7068 7443 1091 6208 8223 9630 4946 2702 3976 5745 765 7465 6209 5538 9208 6673 4540 1990
30 2772 2146 9957 2855 5115 8613 4248 3242 9936 9990 2132 4489 4844 4212 9278 2817 5104 6323 8461 8082 3773 2023 129 6066 5039 7647 4811 340 9841 7796
30 2234 9814 9850 5345 8327 4573 6985 9238 5639 4247 615 8214 6674 3795 4713 9024 3616 3814 4493 8233 1379 4225 7140 3947 7228 1815 480 6755 6639 9527
30 2446 2922 5524 5583 7636 4926 2126 682 2745 3465 7629 8794 7000 1695 8345 1294 9326 733 1225 248 3973 9105 6886 8126 1841 2261 6654 448 7362 4539
30 6599 5777 3169 6093 3855 4126 1276 9803 6309 1777 7038 9548 7771 5661 7308 2551 9453 1832 9999 812 9749 3052 2486 8075 7376 8306 641 4552 3769 4915
30 2734 8039 4057 5942 6382 3623 2912 1996 7960 689 4691 4178 7645 4835 8094 4943 9616 5648 8425 9929 3666 7170 5264 7659 5571 8533 5231 9869 7841 8314
31 333 2098 1377 4754 4870 9130 1855 515 456 3651 1759 7401 4782 4284 3685 2534 7859 9283 4970 5825 599 9005 1284 5544 2875 312 3998 3988 3652 561 277
30 5260 493 7229 6796 7335 817 6869 4567 5925 8741 8274 1301 532 6954 237 2657 245 1456 8837 4261 5616 6458 757 9063 1878 8197 9244 9767 3580 6164
28 6933 3562 1364 7394 8282 1210 5307 7065 4083 7330 5413 54 5281 9068 580 5270 1567 1376 8269 9083 4208 469 9789 5232 5536 2041 9100 2623
32 2635 2209 4949 5334 5675 9416 2358 5682 1245 2322 2274 6015 3330 3191 5395 3094 4617 4471 5378 6953 7231 8671 829 7535 1041 8326 8940 1728 2571 7002 966 1868
30 1785 8085 7235 6482 3410 6211 2301 5303 9059 5935 9376 3986 5701 5974 1223 6706 2753 297 3432 7832 3394 3093 7311 1129 9881 7477 3959 5618 4339 233
30 1959 3075 4794 6635 9636 4156 4309 8572 7592 1193 5856 6574 1389 1144 8066 3026 5758 6977 6315 9017 6314 6468 8557 8922 2694 4490 6901 5543 2493 4690
29 9670 1817 5503 1192 9884 1239 1042 365 3427 1610 3850 4435 6849 2033 8842 533 2949 8707 7975 2362 6984 3624 9036 5686 6832 4479 2902 1946 9784
29 2139 9360 1365 1983 1278 8445 8651 4298 5223 8642 4652 8089 5249 428 32 5752 8175 1117 912 2259 8767 8664 3861 7360 4416 2567 1010 696 8753
30 2603 4768 7606 8026 3682 2353 6242 2258 5170 9415 2689 391 1166 9628 8020 1146 2300 3409 5174 2690 3142 2172 3413 7224 1869 787 1798 8228 2456 2504
31 7833 7590 5233 9037 6168 779 2137 3667 9943 383 4388 7815 3407 4376 6829 6591 5356 4693 303 801 9429 3964 9132 1110 9661 7289 1958 65 6776 4707 1864
29 835 9282 2864 4944 2526 6718 610 3997 2158 1797 833 3273 6085 5306 7276 9668 5642 1 6336 7041 2073 1362 5792 2109 1470 9705 9987 9161 1099
32 3117 5030 6720 5898 5516 4716 738 6616 4395 1354 4110 8055 521 9072 7701 4417 8787 8129 2568 3046 705 7826 7571 8863 4729 2336 2427 6577 47 9731 655 8909
31 7136 4506 9696 1247 4091 6030 9751 3411 2057 185 5315 6584 3398 1228 6813 4402 673 4276 8283 9169 4752 9016 2676 6126 6316 1546 8058 7100 3074 946 4184
30 2921 1717 3076 7448 2263 1597 215 35 1898 7111 4432 1290 1754 3435 2463 5015 1706 1221 5248 4865 3539 272 1078 2529 5445 6339 5882 8792 3633 1298

